

================================================================
== Vivado HLS Report for 'Stream2Mem_8u_1u_s'
================================================================
* Date:           Wed Jan 27 06:08:43 2021

* Version:        2020.1 (Build 2897737 on Wed May 27 20:21:37 MDT 2020)
* Project:        project_StreamingDataflowPartition_2_IODMA_0
* Solution:       sol1
* Product family: zynq
* Target device:  xc7z020-clg400-1


================================================================
== Performance Estimates
================================================================
+ Timing: 
    * Summary: 
    +--------+----------+----------+------------+
    |  Clock |  Target  | Estimated| Uncertainty|
    +--------+----------+----------+------------+
    |ap_clk  | 10.00 ns | 8.750 ns |   1.25 ns  |
    +--------+----------+----------+------------+

+ Latency: 
    * Summary: 
    +---------+---------+-----------+-----------+-----+-----+----------+
    |  Latency (cycles) |   Latency (absolute)  |  Interval | Pipeline |
    |   min   |   max   |    min    |    max    | min | max |   Type   |
    +---------+---------+-----------+-----------+-----+-----+----------+
    |        7|        7| 70.000 ns | 70.000 ns |    1|    1| function |
    +---------+---------+-----------+-----------+-----+-----+----------+

    + Detail: 
        * Instance: 
        N/A

        * Loop: 
        N/A

============================================================
+ Verbose Summary: Synthesis Manager
============================================================
InlineROM: 1
ExposeGlobal: 0
============================================================
+ Verbose Summary: CDFG Model
============================================================
IsTopModel: 0
ResetActiveHigh: 1
IsCombinational: 0
IsDatapathOnly: 0
HasWiredReturn: 1
HasMFsm: 2
HasVarLatency: 0
IsPipeline: 1
IsRtlPipelined: 1
IsInstanceOverlapped: 0
IsDontTouch: 0
HasImplIP: 0
IsGatedGlobalClock: 0

+ Individual pipeline summary: 
  * Pipeline-0: initiation interval (II) = 1, depth = 8


============================================================
+ Verbose Summary: Schedule
============================================================
* Number of FSM states : 8
* Pipeline : 1
  Pipeline-0 : II = 1, D = 8, States = { 1 2 3 4 5 6 7 8 }
* Dataflow Pipeline: 0

* FSM state transitions: 
1 --> 2 
2 --> 3 
3 --> 4 
4 --> 5 
5 --> 6 
6 --> 7 
7 --> 8 
8 --> 

* FSM state operations: 

State 1 <SV = 0> <Delay = 3.52>
ST_1 : Operation 9 [1/1] (0.00ns)   --->   "%out_V_offset1_read = call i32 @_ssdm_op_Read.ap_auto.i32(i32 %out_V_offset1)" [/workspace/finn-hlslib/dma.h:149]   --->   Operation 9 'read' 'out_V_offset1_read' <Predicate = true> <Delay = 0.00>
ST_1 : Operation 10 [1/1] (0.00ns)   --->   "%out_V_offset_read = call i64 @_ssdm_op_Read.ap_auto.i64(i64 %out_V_offset)" [/workspace/finn-hlslib/dma.h:149]   --->   Operation 10 'read' 'out_V_offset_read' <Predicate = true> <Delay = 0.00>
ST_1 : Operation 11 [1/1] (0.00ns)   --->   "%zext_ln149 = zext i32 %out_V_offset1_read to i64" [/workspace/finn-hlslib/dma.h:149]   --->   Operation 11 'zext' 'zext_ln149' <Predicate = true> <Delay = 0.00>
ST_1 : Operation 12 [1/1] (3.52ns)   --->   "%add_ln149 = add i64 %zext_ln149, %out_V_offset_read" [/workspace/finn-hlslib/dma.h:149]   --->   Operation 12 'add' 'add_ln149' <Predicate = true> <Delay = 3.52> <Core = "AddSub">   --->   Core 14 'AddSub' <Latency = 0> <II = 1> <Delay = 3.52> <FuncUnit> <Opcode : 'add' 'sub'> <InPorts = 2> <OutPorts = 1>
ST_1 : Operation 13 [1/1] (0.00ns)   --->   "%out_V_addr = getelementptr i8* %out_V, i64 %add_ln149" [/workspace/finn-hlslib/dma.h:149]   --->   Operation 13 'getelementptr' 'out_V_addr' <Predicate = true> <Delay = 0.00>
ST_1 : Operation 14 [1/1] (0.00ns)   --->   "%tmp_V = call i8 @_ssdm_op_Read.axis.volatile.i8P(i8* %in_V_V)" [/workspace/finn-hlslib/dma.h:155]   --->   Operation 14 'read' 'tmp_V' <Predicate = true> <Delay = 0.00> <Core = "AXI4Stream">   --->   Core 5 'AXI4Stream' <Latency = 0> <II = 1> <Delay = 1.00> <Adapter> <Opcode : >

State 2 <SV = 1> <Delay = 8.75>
ST_2 : Operation 15 [1/1] (8.75ns)   --->   "%out_V_addr_req = call i1 @_ssdm_op_WriteReq.m_axi.i8P(i8* %out_V_addr, i32 1)" [/workspace/finn-hlslib/dma.h:156]   --->   Operation 15 'writereq' 'out_V_addr_req' <Predicate = true> <Delay = 8.75> <Core = "m_axi">   --->   Core 9 'm_axi' <Latency = 6> <II = 1> <Delay = 1.00> <Adapter> <Opcode : 'read' 'write' 'readreq' 'writereq' 'writeresp'>

State 3 <SV = 2> <Delay = 8.75>
ST_3 : Operation 16 [1/1] (8.75ns)   --->   "call void @_ssdm_op_Write.m_axi.i8P(i8* %out_V_addr, i8 %tmp_V, i1 true)" [/workspace/finn-hlslib/dma.h:156]   --->   Operation 16 'write' <Predicate = true> <Delay = 8.75> <Core = "m_axi">   --->   Core 9 'm_axi' <Latency = 6> <II = 1> <Delay = 1.00> <Adapter> <Opcode : 'read' 'write' 'readreq' 'writereq' 'writeresp'>

State 4 <SV = 3> <Delay = 8.75>
ST_4 : Operation 17 [5/5] (8.75ns)   --->   "%out_V_addr_resp = call i1 @_ssdm_op_WriteResp.m_axi.i8P(i8* %out_V_addr)" [/workspace/finn-hlslib/dma.h:156]   --->   Operation 17 'writeresp' 'out_V_addr_resp' <Predicate = true> <Delay = 8.75> <Core = "m_axi">   --->   Core 9 'm_axi' <Latency = 6> <II = 1> <Delay = 1.00> <Adapter> <Opcode : 'read' 'write' 'readreq' 'writereq' 'writeresp'>

State 5 <SV = 4> <Delay = 8.75>
ST_5 : Operation 18 [4/5] (8.75ns)   --->   "%out_V_addr_resp = call i1 @_ssdm_op_WriteResp.m_axi.i8P(i8* %out_V_addr)" [/workspace/finn-hlslib/dma.h:156]   --->   Operation 18 'writeresp' 'out_V_addr_resp' <Predicate = true> <Delay = 8.75> <Core = "m_axi">   --->   Core 9 'm_axi' <Latency = 6> <II = 1> <Delay = 1.00> <Adapter> <Opcode : 'read' 'write' 'readreq' 'writereq' 'writeresp'>

State 6 <SV = 5> <Delay = 8.75>
ST_6 : Operation 19 [3/5] (8.75ns)   --->   "%out_V_addr_resp = call i1 @_ssdm_op_WriteResp.m_axi.i8P(i8* %out_V_addr)" [/workspace/finn-hlslib/dma.h:156]   --->   Operation 19 'writeresp' 'out_V_addr_resp' <Predicate = true> <Delay = 8.75> <Core = "m_axi">   --->   Core 9 'm_axi' <Latency = 6> <II = 1> <Delay = 1.00> <Adapter> <Opcode : 'read' 'write' 'readreq' 'writereq' 'writeresp'>

State 7 <SV = 6> <Delay = 8.75>
ST_7 : Operation 20 [2/5] (8.75ns)   --->   "%out_V_addr_resp = call i1 @_ssdm_op_WriteResp.m_axi.i8P(i8* %out_V_addr)" [/workspace/finn-hlslib/dma.h:156]   --->   Operation 20 'writeresp' 'out_V_addr_resp' <Predicate = true> <Delay = 8.75> <Core = "m_axi">   --->   Core 9 'm_axi' <Latency = 6> <II = 1> <Delay = 1.00> <Adapter> <Opcode : 'read' 'write' 'readreq' 'writereq' 'writeresp'>

State 8 <SV = 7> <Delay = 8.75>
ST_8 : Operation 21 [1/1] (0.00ns)   --->   "call void (...)* @_ssdm_op_SpecInterface(i8* %in_V_V, [5 x i8]* @p_str3, i32 0, i32 0, [5 x i8]* @p_str4, i32 0, i32 0, [1 x i8]* @p_str1, [1 x i8]* @p_str1, [1 x i8]* @p_str1, i32 0, i32 0, i32 0, i32 0, [1 x i8]* @p_str1, [1 x i8]* @p_str1) nounwind"   --->   Operation 21 'specinterface' <Predicate = true> <Delay = 0.00>
ST_8 : Operation 22 [1/1] (0.00ns)   --->   "call void (...)* @_ssdm_op_SpecInterface(i8* %out_V, [6 x i8]* @p_str5, i32 0, i32 0, [1 x i8]* @p_str1, i32 0, i32 0, [5 x i8]* @p_str6, [6 x i8]* @p_str7, [1 x i8]* @p_str1, i32 16, i32 16, i32 16, i32 16, [1 x i8]* @p_str1, [1 x i8]* @p_str1)"   --->   Operation 22 'specinterface' <Predicate = true> <Delay = 0.00>
ST_8 : Operation 23 [1/1] (0.00ns)   --->   "%tmp = call i32 (...)* @_ssdm_op_SpecRegionBegin([12 x i8]* @p_str8)" [/workspace/finn-hlslib/dma.h:153]   --->   Operation 23 'specregionbegin' 'tmp' <Predicate = true> <Delay = 0.00>
ST_8 : Operation 24 [1/1] (0.00ns)   --->   "call void (...)* @_ssdm_op_SpecPipeline(i32 1, i32 1, i32 1, i32 0, [1 x i8]* @p_str1) nounwind" [/workspace/finn-hlslib/dma.h:154]   --->   Operation 24 'specpipeline' <Predicate = true> <Delay = 0.00>
ST_8 : Operation 25 [1/5] (8.75ns)   --->   "%out_V_addr_resp = call i1 @_ssdm_op_WriteResp.m_axi.i8P(i8* %out_V_addr)" [/workspace/finn-hlslib/dma.h:156]   --->   Operation 25 'writeresp' 'out_V_addr_resp' <Predicate = true> <Delay = 8.75> <Core = "m_axi">   --->   Core 9 'm_axi' <Latency = 6> <II = 1> <Delay = 1.00> <Adapter> <Opcode : 'read' 'write' 'readreq' 'writereq' 'writeresp'>
ST_8 : Operation 26 [1/1] (0.00ns)   --->   "%empty = call i32 (...)* @_ssdm_op_SpecRegionEnd([12 x i8]* @p_str8, i32 %tmp)" [/workspace/finn-hlslib/dma.h:157]   --->   Operation 26 'specregionend' 'empty' <Predicate = true> <Delay = 0.00>
ST_8 : Operation 27 [1/1] (0.00ns)   --->   "ret void" [/workspace/finn-hlslib/dma.h:158]   --->   Operation 27 'ret' <Predicate = true> <Delay = 0.00>


============================================================
+ Verbose Summary: Binding
============================================================
STG Binding: 
---------------- STG Properties BEGIN ----------------
- Is combinational: 0
- Is one-state seq: 0
- Is datapath-only: 0
- Is pipelined: 1
- Is top level: 0
Port [ Return ] is wired: 1; IO mode=ap_ctrl_hs:ce=0
Port [ in_V_V]:  wired=1; compound=1; hidden=0; nouse=0; global=0; static=0; extern=0; dir=0; type=0; pingpong=0; private_global=0; IO mode=axis:ce=0
Port [ out_V]:  wired=1; compound=1; hidden=0; nouse=0; global=0; static=0; extern=0; dir=1; type=4; pingpong=0; private_global=0; IO mode=m_axi:ce=0
Port [ out_V_offset]:  wired=1; compound=0; hidden=0; nouse=0; global=0; static=0; extern=0; dir=0; type=0; pingpong=0; private_global=0; IO mode=ap_none:ce=0
Port [ out_V_offset1]:  wired=1; compound=0; hidden=0; nouse=0; global=0; static=0; extern=0; dir=0; type=0; pingpong=0; private_global=0; IO mode=ap_none:ce=0
---------------- STG Properties END ------------------

---------------- Datapath Model BEGIN ----------------

<LifeTime>
<method=bitvector/>
out_V_offset1_read (read           ) [ 000000000]
out_V_offset_read  (read           ) [ 000000000]
zext_ln149         (zext           ) [ 000000000]
add_ln149          (add            ) [ 000000000]
out_V_addr         (getelementptr  ) [ 011111111]
tmp_V              (read           ) [ 011100000]
out_V_addr_req     (writereq       ) [ 000000000]
write_ln156        (write          ) [ 000000000]
specinterface_ln0  (specinterface  ) [ 000000000]
specinterface_ln0  (specinterface  ) [ 000000000]
tmp                (specregionbegin) [ 000000000]
specpipeline_ln154 (specpipeline   ) [ 000000000]
out_V_addr_resp    (writeresp      ) [ 000000000]
empty              (specregionend  ) [ 000000000]
ret_ln158          (ret            ) [ 000000000]
</LifeTime>

<model>

<comp_list>
<comp id="0" class="1000" name="in_V_V">
<pin_list>
<pin id="1" dir="1" index="0" bw="1" slack="0"/>
</pin_list>
<bind>
<StgValue><ssdm name="in_V_V"/></StgValue>
</bind>
</comp>

<comp id="2" class="1000" name="out_V">
<pin_list>
<pin id="3" dir="1" index="0" bw="1" slack="0"/>
</pin_list>
<bind>
<StgValue><ssdm name="out_V"/></StgValue>
</bind>
</comp>

<comp id="4" class="1000" name="out_V_offset">
<pin_list>
<pin id="5" dir="1" index="0" bw="1" slack="0"/>
</pin_list>
<bind>
<StgValue><ssdm name="out_V_offset"/></StgValue>
</bind>
</comp>

<comp id="6" class="1000" name="out_V_offset1">
<pin_list>
<pin id="7" dir="1" index="0" bw="1" slack="0"/>
</pin_list>
<bind>
<StgValue><ssdm name="out_V_offset1"/></StgValue>
</bind>
</comp>

<comp id="8" class="1001" name="const_8">
<pin_list>
<pin id="9" dir="1" index="0" bw="1" slack="0"/>
</pin_list>
<bind>
<StgValue><ssdm name="_ssdm_op_Read.ap_auto.i32"/></StgValue>
</bind>
</comp>

<comp id="10" class="1001" name="const_10">
<pin_list>
<pin id="11" dir="1" index="0" bw="1" slack="0"/>
</pin_list>
<bind>
<StgValue><ssdm name="_ssdm_op_Read.ap_auto.i64"/></StgValue>
</bind>
</comp>

<comp id="12" class="1001" name="const_12">
<pin_list>
<pin id="13" dir="1" index="0" bw="1" slack="0"/>
</pin_list>
<bind>
<StgValue><ssdm name="_ssdm_op_Read.axis.volatile.i8P"/></StgValue>
</bind>
</comp>

<comp id="14" class="1001" name="const_14">
<pin_list>
<pin id="15" dir="1" index="0" bw="1" slack="0"/>
</pin_list>
<bind>
<StgValue><ssdm name="_ssdm_op_WriteReq.m_axi.i8P"/></StgValue>
</bind>
</comp>

<comp id="16" class="1001" name="const_16">
<pin_list>
<pin id="17" dir="1" index="0" bw="1" slack="0"/>
</pin_list>
<bind>
<StgValue><ssdm name=""/></StgValue>
</bind>
</comp>

<comp id="18" class="1001" name="const_18">
<pin_list>
<pin id="19" dir="1" index="0" bw="1" slack="0"/>
</pin_list>
<bind>
<StgValue><ssdm name="_ssdm_op_Write.m_axi.i8P"/></StgValue>
</bind>
</comp>

<comp id="20" class="1001" name="const_20">
<pin_list>
<pin id="21" dir="1" index="0" bw="1" slack="0"/>
</pin_list>
<bind>
<StgValue><ssdm name=""/></StgValue>
</bind>
</comp>

<comp id="22" class="1001" name="const_22">
<pin_list>
<pin id="23" dir="1" index="0" bw="1" slack="0"/>
</pin_list>
<bind>
<StgValue><ssdm name="_ssdm_op_WriteResp.m_axi.i8P"/></StgValue>
</bind>
</comp>

<comp id="24" class="1001" name="const_24">
<pin_list>
<pin id="25" dir="1" index="0" bw="1" slack="2147483647"/>
</pin_list>
<bind>
<StgValue><ssdm name="_ssdm_op_SpecInterface"/></StgValue>
</bind>
</comp>

<comp id="26" class="1001" name="const_26">
<pin_list>
<pin id="27" dir="1" index="0" bw="1" slack="2147483647"/>
</pin_list>
<bind>
<StgValue><ssdm name="p_str3"/></StgValue>
</bind>
</comp>

<comp id="28" class="1001" name="const_28">
<pin_list>
<pin id="29" dir="1" index="0" bw="1" slack="2147483647"/>
</pin_list>
<bind>
<StgValue><ssdm name=""/></StgValue>
</bind>
</comp>

<comp id="30" class="1001" name="const_30">
<pin_list>
<pin id="31" dir="1" index="0" bw="1" slack="2147483647"/>
</pin_list>
<bind>
<StgValue><ssdm name="p_str4"/></StgValue>
</bind>
</comp>

<comp id="32" class="1001" name="const_32">
<pin_list>
<pin id="33" dir="1" index="0" bw="1" slack="2147483647"/>
</pin_list>
<bind>
<StgValue><ssdm name="p_str1"/></StgValue>
</bind>
</comp>

<comp id="34" class="1001" name="const_34">
<pin_list>
<pin id="35" dir="1" index="0" bw="1" slack="2147483647"/>
</pin_list>
<bind>
<StgValue><ssdm name="p_str5"/></StgValue>
</bind>
</comp>

<comp id="36" class="1001" name="const_36">
<pin_list>
<pin id="37" dir="1" index="0" bw="1" slack="2147483647"/>
</pin_list>
<bind>
<StgValue><ssdm name="p_str6"/></StgValue>
</bind>
</comp>

<comp id="38" class="1001" name="const_38">
<pin_list>
<pin id="39" dir="1" index="0" bw="1" slack="2147483647"/>
</pin_list>
<bind>
<StgValue><ssdm name="p_str7"/></StgValue>
</bind>
</comp>

<comp id="40" class="1001" name="const_40">
<pin_list>
<pin id="41" dir="1" index="0" bw="1" slack="2147483647"/>
</pin_list>
<bind>
<StgValue><ssdm name=""/></StgValue>
</bind>
</comp>

<comp id="42" class="1001" name="const_42">
<pin_list>
<pin id="43" dir="1" index="0" bw="1" slack="2147483647"/>
</pin_list>
<bind>
<StgValue><ssdm name="_ssdm_op_SpecRegionBegin"/></StgValue>
</bind>
</comp>

<comp id="44" class="1001" name="const_44">
<pin_list>
<pin id="45" dir="1" index="0" bw="1" slack="2147483647"/>
</pin_list>
<bind>
<StgValue><ssdm name="p_str8"/></StgValue>
</bind>
</comp>

<comp id="46" class="1001" name="const_46">
<pin_list>
<pin id="47" dir="1" index="0" bw="1" slack="2147483647"/>
</pin_list>
<bind>
<StgValue><ssdm name="_ssdm_op_SpecPipeline"/></StgValue>
</bind>
</comp>

<comp id="48" class="1001" name="const_48">
<pin_list>
<pin id="49" dir="1" index="0" bw="1" slack="2147483647"/>
</pin_list>
<bind>
<StgValue><ssdm name="_ssdm_op_SpecRegionEnd"/></StgValue>
</bind>
</comp>

<comp id="50" class="1004" name="out_V_offset1_read_read_fu_50">
<pin_list>
<pin id="51" dir="0" index="0" bw="32" slack="0"/>
<pin id="52" dir="0" index="1" bw="32" slack="0"/>
<pin id="53" dir="1" index="2" bw="32" slack="0"/>
</pin_list>
<bind>
<opcode="read(1150) " fcode="read"/>
<opset="out_V_offset1_read/1 "/>
</bind>
</comp>

<comp id="56" class="1004" name="out_V_offset_read_read_fu_56">
<pin_list>
<pin id="57" dir="0" index="0" bw="64" slack="0"/>
<pin id="58" dir="0" index="1" bw="64" slack="0"/>
<pin id="59" dir="1" index="2" bw="64" slack="0"/>
</pin_list>
<bind>
<opcode="read(1150) " fcode="read"/>
<opset="out_V_offset_read/1 "/>
</bind>
</comp>

<comp id="62" class="1004" name="tmp_V_read_fu_62">
<pin_list>
<pin id="63" dir="0" index="0" bw="8" slack="0"/>
<pin id="64" dir="0" index="1" bw="8" slack="0"/>
<pin id="65" dir="1" index="2" bw="8" slack="2"/>
</pin_list>
<bind>
<opcode="read(1150) " fcode="read"/>
<opset="tmp_V/1 "/>
</bind>
</comp>

<comp id="68" class="1004" name="grp_writeresp_fu_68">
<pin_list>
<pin id="69" dir="0" index="0" bw="1" slack="0"/>
<pin id="70" dir="0" index="1" bw="8" slack="1"/>
<pin id="71" dir="0" index="2" bw="1" slack="0"/>
<pin id="72" dir="1" index="3" bw="1" slack="2147483647"/>
</pin_list>
<bind>
<opcode="writereq(1155) writeresp(1158) " fcode="writeresp"/>
<opset="out_V_addr_req/2 out_V_addr_resp/4 "/>
</bind>
</comp>

<comp id="75" class="1004" name="write_ln156_write_fu_75">
<pin_list>
<pin id="76" dir="0" index="0" bw="0" slack="0"/>
<pin id="77" dir="0" index="1" bw="8" slack="2"/>
<pin id="78" dir="0" index="2" bw="8" slack="2"/>
<pin id="79" dir="0" index="3" bw="1" slack="0"/>
<pin id="80" dir="1" index="4" bw="0" slack="2147483647"/>
</pin_list>
<bind>
<opcode="write(1151) " fcode="write"/>
<opset="write_ln156/3 "/>
</bind>
</comp>

<comp id="84" class="1004" name="zext_ln149_fu_84">
<pin_list>
<pin id="85" dir="0" index="0" bw="32" slack="0"/>
<pin id="86" dir="1" index="1" bw="64" slack="0"/>
</pin_list>
<bind>
<opcode="zext(34) " fcode="zext"/>
<opset="zext_ln149/1 "/>
</bind>
</comp>

<comp id="88" class="1004" name="add_ln149_fu_88">
<pin_list>
<pin id="89" dir="0" index="0" bw="32" slack="0"/>
<pin id="90" dir="0" index="1" bw="64" slack="0"/>
<pin id="91" dir="1" index="2" bw="64" slack="0"/>
</pin_list>
<bind>
<opcode="add(8) " fcode="add"/>
<opset="add_ln149/1 "/>
</bind>
</comp>

<comp id="94" class="1004" name="out_V_addr_fu_94">
<pin_list>
<pin id="95" dir="0" index="0" bw="8" slack="0"/>
<pin id="96" dir="0" index="1" bw="64" slack="0"/>
<pin id="97" dir="1" index="2" bw="8" slack="1"/>
</pin_list>
<bind>
<opcode="getelementptr(29) " fcode="getelementptr"/>
<opset="out_V_addr/1 "/>
</bind>
</comp>

<comp id="100" class="1005" name="out_V_addr_reg_100">
<pin_list>
<pin id="101" dir="0" index="0" bw="8" slack="1"/>
<pin id="102" dir="1" index="1" bw="8" slack="1"/>
</pin_list>
<bind>
<opset="out_V_addr "/>
</bind>
</comp>

<comp id="106" class="1005" name="tmp_V_reg_106">
<pin_list>
<pin id="107" dir="0" index="0" bw="8" slack="2"/>
<pin id="108" dir="1" index="1" bw="8" slack="2"/>
</pin_list>
<bind>
<opset="tmp_V "/>
</bind>
</comp>

</comp_list>

<net_list>
<net id="54"><net_src comp="8" pin="0"/><net_sink comp="50" pin=0"/></net>

<net id="55"><net_src comp="6" pin="0"/><net_sink comp="50" pin=1"/></net>

<net id="60"><net_src comp="10" pin="0"/><net_sink comp="56" pin=0"/></net>

<net id="61"><net_src comp="4" pin="0"/><net_sink comp="56" pin=1"/></net>

<net id="66"><net_src comp="12" pin="0"/><net_sink comp="62" pin=0"/></net>

<net id="67"><net_src comp="0" pin="0"/><net_sink comp="62" pin=1"/></net>

<net id="73"><net_src comp="14" pin="0"/><net_sink comp="68" pin=0"/></net>

<net id="74"><net_src comp="16" pin="0"/><net_sink comp="68" pin=2"/></net>

<net id="81"><net_src comp="18" pin="0"/><net_sink comp="75" pin=0"/></net>

<net id="82"><net_src comp="20" pin="0"/><net_sink comp="75" pin=3"/></net>

<net id="83"><net_src comp="22" pin="0"/><net_sink comp="68" pin=0"/></net>

<net id="87"><net_src comp="50" pin="2"/><net_sink comp="84" pin=0"/></net>

<net id="92"><net_src comp="84" pin="1"/><net_sink comp="88" pin=0"/></net>

<net id="93"><net_src comp="56" pin="2"/><net_sink comp="88" pin=1"/></net>

<net id="98"><net_src comp="2" pin="0"/><net_sink comp="94" pin=0"/></net>

<net id="99"><net_src comp="88" pin="2"/><net_sink comp="94" pin=1"/></net>

<net id="103"><net_src comp="94" pin="2"/><net_sink comp="100" pin=0"/></net>

<net id="104"><net_src comp="100" pin="1"/><net_sink comp="68" pin=1"/></net>

<net id="105"><net_src comp="100" pin="1"/><net_sink comp="75" pin=1"/></net>

<net id="109"><net_src comp="62" pin="2"/><net_sink comp="106" pin=0"/></net>

<net id="110"><net_src comp="106" pin="1"/><net_sink comp="75" pin=2"/></net>

</net_list>

</model> 
---------------- Datapath Model END ------------------

* FSMD analyzer results:
  - Output states:
	Port: out_V | {2 3 4 5 6 7 8 }
 - Input state : 
	Port: Stream2Mem<8u, 1u> : in_V_V | {1 }
	Port: Stream2Mem<8u, 1u> : out_V_offset | {1 }
	Port: Stream2Mem<8u, 1u> : out_V_offset1 | {1 }
  - Chain level:
	State 1
		add_ln149 : 1
		out_V_addr : 2
	State 2
	State 3
	State 4
	State 5
	State 6
	State 7
	State 8
		empty : 1


============================================================
+ Verbose Summary: Datapath Resource usage 
============================================================

* Functional unit list:
|----------|-------------------------------|---------|---------|
| Operation|        Functional Unit        |    FF   |   LUT   |
|----------|-------------------------------|---------|---------|
|    add   |        add_ln149_fu_88        |    0    |    71   |
|----------|-------------------------------|---------|---------|
|          | out_V_offset1_read_read_fu_50 |    0    |    0    |
|   read   |  out_V_offset_read_read_fu_56 |    0    |    0    |
|          |        tmp_V_read_fu_62       |    0    |    0    |
|----------|-------------------------------|---------|---------|
| writeresp|      grp_writeresp_fu_68      |    0    |    0    |
|----------|-------------------------------|---------|---------|
|   write  |    write_ln156_write_fu_75    |    0    |    0    |
|----------|-------------------------------|---------|---------|
|   zext   |        zext_ln149_fu_84       |    0    |    0    |
|----------|-------------------------------|---------|---------|
|   Total  |                               |    0    |    71   |
|----------|-------------------------------|---------|---------|

Memories:
N/A

* Register list:
+------------------+--------+
|                  |   FF   |
+------------------+--------+
|out_V_addr_reg_100|    8   |
|   tmp_V_reg_106  |    8   |
+------------------+--------+
|       Total      |   16   |
+------------------+--------+

* Multiplexer (MUX) list: 
|---------------------|------|------|------|--------||---------|
|         Comp        |  Pin | Size |  BW  | S x BW ||  Delay  |
|---------------------|------|------|------|--------||---------|
| grp_writeresp_fu_68 |  p0  |   2  |   1  |    2   |
|---------------------|------|------|------|--------||---------|
|        Total        |      |      |      |    2   ||  1.769  |
|---------------------|------|------|------|--------||---------|



* Summary:
+-----------+--------+--------+--------+
|           |  Delay |   FF   |   LUT  |
+-----------+--------+--------+--------+
|  Function |    -   |    0   |   71   |
|   Memory  |    -   |    -   |    -   |
|Multiplexer|    1   |    -   |    -   |
|  Register |    -   |   16   |    -   |
+-----------+--------+--------+--------+
|   Total   |    1   |   16   |   71   |
+-----------+--------+--------+--------+
