

================================================================
== Vivado HLS Report for 'Stream2Mem_8u_16u_s'
================================================================
* Date:           Wed Jan 27 06:08:43 2021

* Version:        2020.1 (Build 2897737 on Wed May 27 20:21:37 MDT 2020)
* Project:        project_StreamingDataflowPartition_2_IODMA_0
* Solution:       sol1
* Product family: zynq
* Target device:  xc7z020-clg400-1


================================================================
== Performance Estimates
================================================================
+ Timing: 
    * Summary: 
    +--------+----------+----------+------------+
    |  Clock |  Target  | Estimated| Uncertainty|
    +--------+----------+----------+------------+
    |ap_clk  | 10.00 ns | 8.750 ns |   1.25 ns  |
    +--------+----------+----------+------------+

+ Latency: 
    * Summary: 
    +---------+---------+----------+----------+-----+-----+---------+
    |  Latency (cycles) |  Latency (absolute) |  Interval | Pipeline|
    |   min   |   max   |    min   |    max   | min | max |   Type  |
    +---------+---------+----------+----------+-----+-----+---------+
    |       23|       23| 0.230 us | 0.230 us |   23|   23|   none  |
    +---------+---------+----------+----------+-----+-----+---------+

    + Detail: 
        * Instance: 
        N/A

        * Loop: 
        +----------+---------+---------+----------+-----------+-----------+------+----------+
        |          |  Latency (cycles) | Iteration|  Initiation Interval  | Trip |          |
        | Loop Name|   min   |   max   |  Latency |  achieved |   target  | Count| Pipelined|
        +----------+---------+---------+----------+-----------+-----------+------+----------+
        |- Loop 1  |       16|       16|         2|          1|          1|    16|    yes   |
        +----------+---------+---------+----------+-----------+-----------+------+----------+

============================================================
+ Verbose Summary: Synthesis Manager
============================================================
InlineROM: 1
ExposeGlobal: 0
============================================================
+ Verbose Summary: CDFG Model
============================================================
IsTopModel: 0
ResetActiveHigh: 1
IsCombinational: 0
IsDatapathOnly: 0
HasWiredReturn: 1
HasMFsm: 0
HasVarLatency: 1
IsPipeline: 0
IsRtlPipelined: 0
IsInstanceOverlapped: 0
IsDontTouch: 0
HasImplIP: 0
IsGatedGlobalClock: 0

+ Individual pipeline summary: 
  * Pipeline-0: initiation interval (II) = 1, depth = 2


============================================================
+ Verbose Summary: Schedule
============================================================
* Number of FSM states : 9
* Pipeline : 1
  Pipeline-0 : II = 1, D = 2, States = { 3 4 }
* Dataflow Pipeline: 0

* FSM state transitions: 
1 --> 2 
2 --> 3 
3 --> 5 4 
4 --> 3 
5 --> 6 
6 --> 7 
7 --> 8 
8 --> 9 
9 --> 

* FSM state operations: 

State 1 <SV = 0> <Delay = 3.52>
ST_1 : Operation 10 [1/1] (0.00ns)   --->   "%out_V_offset1_read = call i32 @_ssdm_op_Read.ap_auto.i32(i32 %out_V_offset1)"   --->   Operation 10 'read' 'out_V_offset1_read' <Predicate = true> <Delay = 0.00>
ST_1 : Operation 11 [1/1] (0.00ns)   --->   "%out_V_offset_read = call i64 @_ssdm_op_Read.ap_auto.i64(i64 %out_V_offset)"   --->   Operation 11 'read' 'out_V_offset_read' <Predicate = true> <Delay = 0.00>
ST_1 : Operation 12 [1/1] (0.00ns)   --->   "%zext_ln321 = zext i32 %out_V_offset1_read to i64" [/workspace/finn-hlslib/dma.h:156]   --->   Operation 12 'zext' 'zext_ln321' <Predicate = true> <Delay = 0.00>
ST_1 : Operation 13 [1/1] (3.52ns)   --->   "%add_ln321 = add i64 %zext_ln321, %out_V_offset_read" [/workspace/finn-hlslib/dma.h:156]   --->   Operation 13 'add' 'add_ln321' <Predicate = true> <Delay = 3.52> <Core = "AddSub">   --->   Core 14 'AddSub' <Latency = 0> <II = 1> <Delay = 3.52> <FuncUnit> <Opcode : 'add' 'sub'> <InPorts = 2> <OutPorts = 1>
ST_1 : Operation 14 [1/1] (0.00ns)   --->   "%out_V_addr = getelementptr i8* %out_V, i64 %add_ln321" [/workspace/finn-hlslib/dma.h:156]   --->   Operation 14 'getelementptr' 'out_V_addr' <Predicate = true> <Delay = 0.00>

State 2 <SV = 1> <Delay = 8.75>
ST_2 : Operation 15 [1/1] (0.00ns)   --->   "call void (...)* @_ssdm_op_SpecInterface(i8* %in_V_V, [5 x i8]* @p_str3, i32 0, i32 0, [5 x i8]* @p_str4, i32 0, i32 0, [1 x i8]* @p_str1, [1 x i8]* @p_str1, [1 x i8]* @p_str1, i32 0, i32 0, i32 0, i32 0, [1 x i8]* @p_str1, [1 x i8]* @p_str1) nounwind"   --->   Operation 15 'specinterface' <Predicate = true> <Delay = 0.00>
ST_2 : Operation 16 [1/1] (0.00ns)   --->   "call void (...)* @_ssdm_op_SpecInterface(i8* %out_V, [6 x i8]* @p_str5, i32 0, i32 0, [1 x i8]* @p_str1, i32 0, i32 0, [5 x i8]* @p_str6, [6 x i8]* @p_str7, [1 x i8]* @p_str1, i32 16, i32 16, i32 16, i32 16, [1 x i8]* @p_str1, [1 x i8]* @p_str1)"   --->   Operation 16 'specinterface' <Predicate = true> <Delay = 0.00>
ST_2 : Operation 17 [1/1] (8.75ns)   --->   "%out_V_addr_wr_req = call i1 @_ssdm_op_WriteReq.m_axi.i8P(i8* %out_V_addr, i32 16)" [/workspace/finn-hlslib/dma.h:156]   --->   Operation 17 'writereq' 'out_V_addr_wr_req' <Predicate = true> <Delay = 8.75> <Core = "m_axi">   --->   Core 9 'm_axi' <Latency = 6> <II = 1> <Delay = 1.00> <Adapter> <Opcode : 'read' 'write' 'readreq' 'writereq' 'writeresp'>
ST_2 : Operation 18 [1/1] (1.76ns)   --->   "br label %1" [/workspace/finn-hlslib/dma.h:153]   --->   Operation 18 'br' <Predicate = true> <Delay = 1.76>

State 3 <SV = 2> <Delay = 2.34>
ST_3 : Operation 19 [1/1] (0.00ns)   --->   "%i_0 = phi i5 [ 0, %0 ], [ %i, %hls_label_0 ]"   --->   Operation 19 'phi' 'i_0' <Predicate = true> <Delay = 0.00>
ST_3 : Operation 20 [1/1] (1.36ns)   --->   "%icmp_ln153 = icmp eq i5 %i_0, -16" [/workspace/finn-hlslib/dma.h:153]   --->   Operation 20 'icmp' 'icmp_ln153' <Predicate = true> <Delay = 1.36> <Core = "Cmp">   --->   Core 25 'Cmp' <Latency = 0> <II = 1> <Delay = 1.36> <FuncUnit> <Opcode : 'icmp'> <InPorts = 2> <OutPorts = 1>
ST_3 : Operation 21 [1/1] (0.00ns)   --->   "%empty = call i32 (...)* @_ssdm_op_SpecLoopTripCount(i64 16, i64 16, i64 16)"   --->   Operation 21 'speclooptripcount' 'empty' <Predicate = true> <Delay = 0.00>
ST_3 : Operation 22 [1/1] (1.78ns)   --->   "%i = add i5 %i_0, 1" [/workspace/finn-hlslib/dma.h:153]   --->   Operation 22 'add' 'i' <Predicate = true> <Delay = 1.78> <Core = "AddSub">   --->   Core 14 'AddSub' <Latency = 0> <II = 1> <Delay = 3.52> <FuncUnit> <Opcode : 'add' 'sub'> <InPorts = 2> <OutPorts = 1>
ST_3 : Operation 23 [1/1] (0.00ns)   --->   "br i1 %icmp_ln153, label %2, label %hls_label_0" [/workspace/finn-hlslib/dma.h:153]   --->   Operation 23 'br' <Predicate = true> <Delay = 0.00>
ST_3 : Operation 24 [1/1] (0.00ns)   --->   "%tmp_V = call i8 @_ssdm_op_Read.axis.volatile.i8P(i8* %in_V_V)" [/workspace/finn-hlslib/dma.h:155]   --->   Operation 24 'read' 'tmp_V' <Predicate = (!icmp_ln153)> <Delay = 0.00> <Core = "AXI4Stream">   --->   Core 5 'AXI4Stream' <Latency = 0> <II = 1> <Delay = 1.00> <Adapter> <Opcode : >

State 4 <SV = 3> <Delay = 8.75>
ST_4 : Operation 25 [1/1] (0.00ns)   --->   "%tmp = call i32 (...)* @_ssdm_op_SpecRegionBegin([12 x i8]* @p_str9)" [/workspace/finn-hlslib/dma.h:153]   --->   Operation 25 'specregionbegin' 'tmp' <Predicate = (!icmp_ln153)> <Delay = 0.00>
ST_4 : Operation 26 [1/1] (0.00ns)   --->   "call void (...)* @_ssdm_op_SpecPipeline(i32 1, i32 1, i32 1, i32 0, [1 x i8]* @p_str1) nounwind" [/workspace/finn-hlslib/dma.h:154]   --->   Operation 26 'specpipeline' <Predicate = (!icmp_ln153)> <Delay = 0.00>
ST_4 : Operation 27 [1/1] (8.75ns)   --->   "call void @_ssdm_op_Write.m_axi.i8P(i8* %out_V_addr, i8 %tmp_V, i1 true)" [/workspace/finn-hlslib/dma.h:156]   --->   Operation 27 'write' <Predicate = (!icmp_ln153)> <Delay = 8.75> <Core = "m_axi">   --->   Core 9 'm_axi' <Latency = 6> <II = 1> <Delay = 1.00> <Adapter> <Opcode : 'read' 'write' 'readreq' 'writereq' 'writeresp'>
ST_4 : Operation 28 [1/1] (0.00ns)   --->   "%empty_3 = call i32 (...)* @_ssdm_op_SpecRegionEnd([12 x i8]* @p_str9, i32 %tmp)" [/workspace/finn-hlslib/dma.h:157]   --->   Operation 28 'specregionend' 'empty_3' <Predicate = (!icmp_ln153)> <Delay = 0.00>
ST_4 : Operation 29 [1/1] (0.00ns)   --->   "br label %1" [/workspace/finn-hlslib/dma.h:153]   --->   Operation 29 'br' <Predicate = (!icmp_ln153)> <Delay = 0.00>

State 5 <SV = 3> <Delay = 8.75>
ST_5 : Operation 30 [5/5] (8.75ns)   --->   "%out_V_addr_wr_resp = call i1 @_ssdm_op_WriteResp.m_axi.i8P(i8* %out_V_addr)" [/workspace/finn-hlslib/dma.h:156]   --->   Operation 30 'writeresp' 'out_V_addr_wr_resp' <Predicate = true> <Delay = 8.75> <Core = "m_axi">   --->   Core 9 'm_axi' <Latency = 6> <II = 1> <Delay = 1.00> <Adapter> <Opcode : 'read' 'write' 'readreq' 'writereq' 'writeresp'>

State 6 <SV = 4> <Delay = 8.75>
ST_6 : Operation 31 [4/5] (8.75ns)   --->   "%out_V_addr_wr_resp = call i1 @_ssdm_op_WriteResp.m_axi.i8P(i8* %out_V_addr)" [/workspace/finn-hlslib/dma.h:156]   --->   Operation 31 'writeresp' 'out_V_addr_wr_resp' <Predicate = true> <Delay = 8.75> <Core = "m_axi">   --->   Core 9 'm_axi' <Latency = 6> <II = 1> <Delay = 1.00> <Adapter> <Opcode : 'read' 'write' 'readreq' 'writereq' 'writeresp'>

State 7 <SV = 5> <Delay = 8.75>
ST_7 : Operation 32 [3/5] (8.75ns)   --->   "%out_V_addr_wr_resp = call i1 @_ssdm_op_WriteResp.m_axi.i8P(i8* %out_V_addr)" [/workspace/finn-hlslib/dma.h:156]   --->   Operation 32 'writeresp' 'out_V_addr_wr_resp' <Predicate = true> <Delay = 8.75> <Core = "m_axi">   --->   Core 9 'm_axi' <Latency = 6> <II = 1> <Delay = 1.00> <Adapter> <Opcode : 'read' 'write' 'readreq' 'writereq' 'writeresp'>

State 8 <SV = 6> <Delay = 8.75>
ST_8 : Operation 33 [2/5] (8.75ns)   --->   "%out_V_addr_wr_resp = call i1 @_ssdm_op_WriteResp.m_axi.i8P(i8* %out_V_addr)" [/workspace/finn-hlslib/dma.h:156]   --->   Operation 33 'writeresp' 'out_V_addr_wr_resp' <Predicate = true> <Delay = 8.75> <Core = "m_axi">   --->   Core 9 'm_axi' <Latency = 6> <II = 1> <Delay = 1.00> <Adapter> <Opcode : 'read' 'write' 'readreq' 'writereq' 'writeresp'>

State 9 <SV = 7> <Delay = 8.75>
ST_9 : Operation 34 [1/5] (8.75ns)   --->   "%out_V_addr_wr_resp = call i1 @_ssdm_op_WriteResp.m_axi.i8P(i8* %out_V_addr)" [/workspace/finn-hlslib/dma.h:156]   --->   Operation 34 'writeresp' 'out_V_addr_wr_resp' <Predicate = true> <Delay = 8.75> <Core = "m_axi">   --->   Core 9 'm_axi' <Latency = 6> <II = 1> <Delay = 1.00> <Adapter> <Opcode : 'read' 'write' 'readreq' 'writereq' 'writeresp'>
ST_9 : Operation 35 [1/1] (0.00ns)   --->   "ret void" [/workspace/finn-hlslib/dma.h:158]   --->   Operation 35 'ret' <Predicate = true> <Delay = 0.00>


============================================================
+ Verbose Summary: Timing violations
============================================================
Target clock period: 10ns, clock uncertainty: 1.25ns.

 <State 1>: 3.52ns
The critical path consists of the following:
	wire read on port 'out_V_offset1' [7]  (0 ns)
	'add' operation ('add_ln321', /workspace/finn-hlslib/dma.h:156) [10]  (3.52 ns)

 <State 2>: 8.75ns
The critical path consists of the following:
	bus request on port 'out_V' (/workspace/finn-hlslib/dma.h:156) [12]  (8.75 ns)

 <State 3>: 2.34ns
The critical path consists of the following:
	'icmp' operation ('icmp_ln153', /workspace/finn-hlslib/dma.h:153) [16]  (1.36 ns)
	blocking operation 0.978 ns on control path)

 <State 4>: 8.75ns
The critical path consists of the following:
	bus write on port 'out_V' (/workspace/finn-hlslib/dma.h:156) [24]  (8.75 ns)

 <State 5>: 8.75ns
The critical path consists of the following:
	bus access on port 'out_V' (/workspace/finn-hlslib/dma.h:156) [28]  (8.75 ns)

 <State 6>: 8.75ns
The critical path consists of the following:
	bus access on port 'out_V' (/workspace/finn-hlslib/dma.h:156) [28]  (8.75 ns)

 <State 7>: 8.75ns
The critical path consists of the following:
	bus access on port 'out_V' (/workspace/finn-hlslib/dma.h:156) [28]  (8.75 ns)

 <State 8>: 8.75ns
The critical path consists of the following:
	bus access on port 'out_V' (/workspace/finn-hlslib/dma.h:156) [28]  (8.75 ns)

 <State 9>: 8.75ns
The critical path consists of the following:
	bus access on port 'out_V' (/workspace/finn-hlslib/dma.h:156) [28]  (8.75 ns)


============================================================
+ Verbose Summary: Binding
============================================================
N/A
* FSMD analyzer results:
  - Output states:
 - Input state : 
  - Chain level:
	State 1
	State 2
	State 3
	State 4
	State 5
	State 6
	State 7
	State 8
	State 9


============================================================
+ Verbose Summary: Datapath Resource usage 
============================================================
N/A
