Copyright 1986-2020 Xilinx, Inc. All Rights Reserved.
------------------------------------------------------------------------------------------------
| Tool Version : Vivado v.2020.1 (lin64) Build 2902540 Wed May 27 19:54:35 MDT 2020
| Date         : Wed Jan 27 05:55:44 2021
| Host         : finn_dev_uma running 64-bit unknown
| Command      : report_control_sets -verbose -file finn_design_wrapper_control_sets_placed.rpt
| Design       : finn_design_wrapper
| Device       : xc7z020
------------------------------------------------------------------------------------------------

Control Set Information

Table of Contents
-----------------
1. Summary
2. Histogram
3. Flip-Flop Distribution
4. Detailed Control Set Information

1. Summary
----------

+----------------------------------------------------------+-------+
|                          Status                          | Count |
+----------------------------------------------------------+-------+
| Total control sets                                       |   124 |
|    Minimum number of control sets                        |   124 |
|    Addition due to synthesis replication                 |     0 |
|    Addition due to physical synthesis replication        |     0 |
| Unused register locations in slices containing registers |   338 |
+----------------------------------------------------------+-------+
* Control sets can be merged at opt_design using control_set_merge or merge_equivalent_drivers
** Run report_qor_suggestions for automated merging and remapping suggestions


2. Histogram
------------

+--------------------+-------+
|       Fanout       | Count |
+--------------------+-------+
| Total control sets |   124 |
| >= 0 to < 4        |     0 |
| >= 4 to < 6        |     5 |
| >= 6 to < 8        |    10 |
| >= 8 to < 10       |    10 |
| >= 10 to < 12      |     0 |
| >= 12 to < 14      |     0 |
| >= 14 to < 16      |    43 |
| >= 16              |    56 |
+--------------------+-------+
* Control sets can be remapped at either synth_design or opt_design


3. Flip-Flop Distribution
-------------------------

+--------------+-----------------------+------------------------+-----------------+--------------+
| Clock Enable | Synchronous Set/Reset | Asynchronous Set/Reset | Total Registers | Total Slices |
+--------------+-----------------------+------------------------+-----------------+--------------+
| No           | No                    | No                     |             182 |           71 |
| No           | No                    | Yes                    |               0 |            0 |
| No           | Yes                   | No                     |              93 |           46 |
| Yes          | No                    | No                     |            3690 |         1286 |
| Yes          | No                    | Yes                    |               0 |            0 |
| Yes          | Yes                   | No                     |            3569 |         1045 |
+--------------+-----------------------+------------------------+-----------------+--------------+


4. Detailed Control Set Information
-----------------------------------

+--------------+---------------------------------------------------------------------------------------------------------------------------------------------------------------------------------------+--------------------------------------------------------------------------------------------------------------------------------------------------------------------------------------------------------------+------------------+----------------+--------------+
| Clock Signal |                                                                                     Enable Signal                                                                                     |                                                                                               Set/Reset Signal                                                                                               | Slice Load Count | Bel Load Count | Bels / Slice |
+--------------+---------------------------------------------------------------------------------------------------------------------------------------------------------------------------------------+--------------------------------------------------------------------------------------------------------------------------------------------------------------------------------------------------------------+------------------+----------------+--------------+
|  ap_clk      | finn_design_i/StreamingFCLayer_Batch_1/StreamingFCLayer_Batch_1/inst/grp_Matrix_Vector_Activa_fu_52/threshs_m_thresholds_6_U/StreamingFCLayer_Batch_1_Matrix_Vector_Actg8j_rom_U/E[0] | finn_design_i/StreamingFCLayer_Batch_1/StreamingFCLayer_Batch_1/inst/grp_Matrix_Vector_Activa_fu_52/threshs_m_thresholds_3_U/StreamingFCLayer_Batch_1_Matrix_Vector_ActjbC_rom_U/ap_enable_reg_pp0_iter1_reg |                2 |              4 |         2.00 |
|  ap_clk      | finn_design_i/StreamingFCLayer_Batch_3/StreamingFCLayer_Batch_3/inst/regslice_both_weights_V_V_U/ibuf_inst/E[0]                                                                       |                                                                                                                                                                                                              |                2 |              4 |         2.00 |
|  ap_clk      | finn_design_i/StreamingFCLayer_Batch_2/StreamingFCLayer_Batch_2/inst/grp_Matrix_Vector_Activa_fu_52/threshs_m_thresholds_3_U/StreamingFCLayer_Batch_2_Matrix_Vector_ActjbC_rom_U/E[0] | finn_design_i/StreamingFCLayer_Batch_2/StreamingFCLayer_Batch_2/inst/grp_Matrix_Vector_Activa_fu_52/threshs_m_thresholds_6_U/StreamingFCLayer_Batch_2_Matrix_Vector_Actg8j_rom_U/ap_enable_reg_pp0_iter1_reg |                2 |              5 |         2.50 |
|  ap_clk      | finn_design_i/StreamingFCLayer_Batch_1/StreamingFCLayer_Batch_1/inst/grp_Matrix_Vector_Activa_fu_52/threshs_m_thresholds_6_U/StreamingFCLayer_Batch_1_Matrix_Vector_Actg8j_rom_U/E[0] | finn_design_i/StreamingFCLayer_Batch_1/StreamingFCLayer_Batch_1/inst/grp_Matrix_Vector_Activa_fu_52/threshs_m_thresholds_4_U/StreamingFCLayer_Batch_1_Matrix_Vector_Actibs_rom_U/ap_enable_reg_pp0_iter1_reg |                2 |              5 |         2.50 |
|  ap_clk      | finn_design_i/StreamingDataWidthConverter_Batch_1/inst/grp_StreamingDataWidthCo_1_fu_26/grp_StreamingDataWidthCo_1_fu_26_in_V_V_TREADY                                                | finn_design_i/StreamingDataWidthConverter_Batch_1/inst/grp_StreamingDataWidthCo_1_fu_26/t_0_reg_80                                                                                                           |                2 |              5 |         2.50 |
|  ap_clk      | finn_design_i/StreamingDataWidthConverter_Batch_2/inst/grp_StreamingDataWidthCo_1_fu_26/p_025_0_reg_61[5]_i_1_n_2                                                                     |                                                                                                                                                                                                              |                2 |              6 |         3.00 |
|  ap_clk      | finn_design_i/StreamingFCLayer_Batch_1/StreamingFCLayer_Batch_1/inst/regslice_both_weights_V_V_U/ibuf_inst/E[0]                                                                       | finn_design_i/StreamingFCLayer_Batch_1/StreamingFCLayer_Batch_1_wstrm/inst/singleblock.mem/use_ram.strm0_addr[5]_i_1__1_n_2                                                                                  |                2 |              6 |         3.00 |
|  ap_clk      | finn_design_i/StreamingFCLayer_Batch_2/StreamingFCLayer_Batch_2/inst/regslice_both_weights_V_V_U/ibuf_inst/E[0]                                                                       | finn_design_i/StreamingFCLayer_Batch_2/StreamingFCLayer_Batch_2_wstrm/inst/singleblock.mem/use_ram.strm0_addr[5]_i_1__2_n_2                                                                                  |                2 |              6 |         3.00 |
|  ap_clk      | finn_design_i/StreamingFCLayer_Batch_3/StreamingFCLayer_Batch_3/inst/regslice_both_weights_V_V_U/ibuf_inst/E[0]                                                                       | finn_design_i/StreamingFCLayer_Batch_3/StreamingFCLayer_Batch_3_wstrm/inst/singleblock.mem/use_ram.strm0_addr[5]_i_1__0_n_2                                                                                  |                2 |              6 |         3.00 |
|  ap_clk      | finn_design_i/StreamingFCLayer_Batch_2/StreamingFCLayer_Batch_2/inst/grp_Matrix_Vector_Activa_fu_52/grp_Matrix_Vector_Activa_fu_52_weight_V_V_TREADY                                  | finn_design_i/StreamingFCLayer_Batch_2/StreamingFCLayer_Batch_2/inst/grp_Matrix_Vector_Activa_fu_52/i_0_reg_561                                                                                              |                3 |              7 |         2.33 |
|  ap_clk      | finn_design_i/StreamingFCLayer_Batch_0/StreamingFCLayer_Batch_0/inst/grp_Matrix_Vector_Activa_fu_28/grp_Matrix_Vector_Activa_fu_28_weight_V_V_TREADY                                  | finn_design_i/StreamingFCLayer_Batch_0/StreamingFCLayer_Batch_0/inst/grp_Matrix_Vector_Activa_fu_28/i_0_reg_2511                                                                                             |                4 |              7 |         1.75 |
|  ap_clk      | finn_design_i/StreamingDataWidthConverter_Batch_2/inst/grp_StreamingDataWidthCo_1_fu_26/o_0_reg_730                                                                                   | finn_design_i/StreamingDataWidthConverter_Batch_2/inst/grp_StreamingDataWidthCo_1_fu_26/t_0_reg_84[6]_i_1_n_2                                                                                                |                4 |              7 |         1.75 |
|  ap_clk      | finn_design_i/StreamingFCLayer_Batch_0/StreamingFCLayer_Batch_0/inst/regslice_both_weights_V_V_U/ibuf_inst/strm0_incr_en                                                              | finn_design_i/StreamingFCLayer_Batch_0/StreamingFCLayer_Batch_0_wstrm/inst/singleblock.mem/use_ram.strm0_addr[6]_i_1_n_2                                                                                     |                3 |              7 |         2.33 |
|  ap_clk      | finn_design_i/StreamingFCLayer_Batch_1/StreamingFCLayer_Batch_1/inst/grp_Matrix_Vector_Activa_fu_52/grp_Matrix_Vector_Activa_fu_52_weight_V_V_TREADY                                  | finn_design_i/StreamingFCLayer_Batch_1/StreamingFCLayer_Batch_1/inst/grp_Matrix_Vector_Activa_fu_52/i_0_reg_561                                                                                              |                3 |              7 |         2.33 |
|  ap_clk      | finn_design_i/StreamingFCLayer_Batch_3/StreamingFCLayer_Batch_3/inst/grp_Matrix_Vector_Activa_fu_28/grp_Matrix_Vector_Activa_fu_28_weight_V_V_TREADY                                  | finn_design_i/StreamingFCLayer_Batch_3/StreamingFCLayer_Batch_3/inst/grp_Matrix_Vector_Activa_fu_28/i_0_reg_473                                                                                              |                3 |              7 |         2.33 |
|  ap_clk      | finn_design_i/StreamingDataWidthConverter_Batch_2/inst/grp_StreamingDataWidthCo_1_fu_26/p_10_in                                                                                       |                                                                                                                                                                                                              |                3 |              8 |         2.67 |
|  ap_clk      | finn_design_i/StreamingFCLayer_Batch_3/StreamingFCLayer_Batch_3/inst/grp_Matrix_Vector_Activa_fu_28/accu_V_0_0_0_fu_1860                                                              |                                                                                                                                                                                                              |                3 |              9 |         3.00 |
|  ap_clk      | finn_design_i/StreamingDataWidthConverter_Batch_2/inst/grp_StreamingDataWidthCo_1_fu_26/E[0]                                                                                          | finn_design_i/StreamingDataWidthConverter_Batch_2/inst/grp_StreamingDataWidthCo_1_fu_26/SR[0]                                                                                                                |                3 |              9 |         3.00 |
|  ap_clk      | finn_design_i/StreamingDataWidthConverter_Batch_2/inst/grp_StreamingDataWidthCo_1_fu_26/ap_rst_n_0[0]                                                                                 | finn_design_i/StreamingFCLayer_Batch_0/StreamingFCLayer_Batch_0/inst/regslice_both_weights_V_V_U/obuf_inst/ap_rst_n_0[0]                                                                                     |                4 |              9 |         2.25 |
|  ap_clk      | finn_design_i/StreamingFCLayer_Batch_1/StreamingFCLayer_Batch_1/inst/regslice_both_out_V_V_U/obuf_inst/odata[8]_i_1__6_n_2                                                            | finn_design_i/StreamingFCLayer_Batch_0/StreamingFCLayer_Batch_0/inst/regslice_both_weights_V_V_U/obuf_inst/ap_rst_n_0[0]                                                                                     |                4 |              9 |         2.25 |
|  ap_clk      | finn_design_i/StreamingDataWidthConverter_Batch_1/inst/regslice_both_in0_V_V_U/obuf_inst/E[0]                                                                                         | finn_design_i/StreamingDataWidthConverter_Batch_1/inst/regslice_both_in0_V_V_U/obuf_inst/SR[0]                                                                                                               |                5 |              9 |         1.80 |
|  ap_clk      | finn_design_i/StreamingFCLayer_Batch_1/StreamingFCLayer_Batch_1/inst/regslice_both_out_V_V_U/ibuf_inst/ireg01_out                                                                     | finn_design_i/StreamingFCLayer_Batch_1/StreamingFCLayer_Batch_1/inst/regslice_both_out_V_V_U/obuf_inst/SR[0]                                                                                                 |                3 |              9 |         3.00 |
|  ap_clk      | finn_design_i/StreamingDataWidthConverter_Batch_1/inst/grp_StreamingDataWidthCo_1_fu_26/E[0]                                                                                          | finn_design_i/StreamingFCLayer_Batch_0/StreamingFCLayer_Batch_0/inst/regslice_both_weights_V_V_U/obuf_inst/ap_rst_n_0[0]                                                                                     |                4 |              9 |         2.25 |
|  ap_clk      | finn_design_i/StreamingFCLayer_Batch_2/StreamingFCLayer_Batch_2/inst/regslice_both_out_V_V_U/ibuf_inst/ireg01_out                                                                     | finn_design_i/StreamingFCLayer_Batch_2/StreamingFCLayer_Batch_2/inst/regslice_both_out_V_V_U/obuf_inst/SR[0]                                                                                                 |                3 |              9 |         3.00 |
|  ap_clk      | finn_design_i/StreamingFCLayer_Batch_2/StreamingFCLayer_Batch_2/inst/regslice_both_out_V_V_U/obuf_inst/odata[8]_i_1__8_n_2                                                            | finn_design_i/StreamingFCLayer_Batch_0/StreamingFCLayer_Batch_0/inst/regslice_both_weights_V_V_U/obuf_inst/ap_rst_n_0[0]                                                                                     |                3 |              9 |         3.00 |
|  ap_clk      | finn_design_i/StreamingFIFO_0/inst/StreamingFIFO_0_StreamingFIFO_0/shift_en_o_                                                                                                        | finn_design_i/StreamingFCLayer_Batch_0/StreamingFCLayer_Batch_0/inst/regslice_both_weights_V_V_U/obuf_inst/ap_rst_n_0[0]                                                                                     |                5 |             15 |         3.00 |
|  ap_clk      | finn_design_i/StreamingFCLayer_Batch_0/StreamingFCLayer_Batch_0/inst/grp_Matrix_Vector_Activa_fu_28/grp_Matrix_Vector_Activa_fu_28_weight_V_V_TREADY                                  |                                                                                                                                                                                                              |                7 |             15 |         2.14 |
|  ap_clk      | finn_design_i/StreamingFCLayer_Batch_0/StreamingFCLayer_Batch_0/inst/grp_Matrix_Vector_Activa_fu_28/ap_phi_reg_pp0_iter1_act_m_val_V_reg_2522922_out                                  |                                                                                                                                                                                                              |                6 |             15 |         2.50 |
|  ap_clk      | finn_design_i/StreamingFCLayer_Batch_0/StreamingFCLayer_Batch_0/inst/grp_Matrix_Vector_Activa_fu_28/ap_phi_reg_pp0_iter1_act_m_val_V_reg_2522820_out                                  |                                                                                                                                                                                                              |                4 |             15 |         3.75 |
|  ap_clk      | finn_design_i/StreamingFCLayer_Batch_0/StreamingFCLayer_Batch_0/inst/grp_Matrix_Vector_Activa_fu_28/ap_phi_reg_pp0_iter1_act_m_val_V_reg_25227                                        |                                                                                                                                                                                                              |                4 |             15 |         3.75 |
|  ap_clk      | finn_design_i/StreamingFCLayer_Batch_0/StreamingFCLayer_Batch_0/inst/grp_Matrix_Vector_Activa_fu_28/ap_phi_reg_pp0_iter1_act_m_val_V_reg_25226                                        |                                                                                                                                                                                                              |                3 |             15 |         5.00 |
|  ap_clk      | finn_design_i/StreamingFCLayer_Batch_0/StreamingFCLayer_Batch_0/inst/grp_Matrix_Vector_Activa_fu_28/ap_phi_reg_pp0_iter1_act_m_val_V_reg_25225                                        |                                                                                                                                                                                                              |                4 |             15 |         3.75 |
|  ap_clk      | finn_design_i/StreamingFCLayer_Batch_0/StreamingFCLayer_Batch_0/inst/grp_Matrix_Vector_Activa_fu_28/ap_phi_reg_pp0_iter1_act_m_val_V_reg_25224                                        |                                                                                                                                                                                                              |                2 |             15 |         7.50 |
|  ap_clk      | finn_design_i/StreamingFCLayer_Batch_0/StreamingFCLayer_Batch_0/inst/grp_Matrix_Vector_Activa_fu_28/ap_phi_reg_pp0_iter1_act_m_val_V_reg_25223999_out                                 |                                                                                                                                                                                                              |                3 |             15 |         5.00 |
|  ap_clk      | finn_design_i/StreamingFCLayer_Batch_0/StreamingFCLayer_Batch_0/inst/grp_Matrix_Vector_Activa_fu_28/ap_phi_reg_pp0_iter1_act_m_val_V_reg_25223996_out                                 |                                                                                                                                                                                                              |                3 |             15 |         5.00 |
|  ap_clk      | finn_design_i/StreamingFCLayer_Batch_0/StreamingFCLayer_Batch_0/inst/grp_Matrix_Vector_Activa_fu_28/ap_phi_reg_pp0_iter1_act_m_val_V_reg_25221639_out                                 |                                                                                                                                                                                                              |                3 |             15 |         5.00 |
|  ap_clk      | finn_design_i/StreamingFCLayer_Batch_0/StreamingFCLayer_Batch_0/inst/grp_Matrix_Vector_Activa_fu_28/ap_phi_reg_pp0_iter1_act_m_val_V_reg_25222358_out                                 |                                                                                                                                                                                                              |                6 |             15 |         2.50 |
|  ap_clk      | finn_design_i/StreamingFCLayer_Batch_0/StreamingFCLayer_Batch_0/inst/grp_Matrix_Vector_Activa_fu_28/ap_phi_reg_pp0_iter1_act_m_val_V_reg_25222255_out                                 |                                                                                                                                                                                                              |                4 |             15 |         3.75 |
|  ap_clk      | finn_design_i/StreamingFCLayer_Batch_0/StreamingFCLayer_Batch_0/inst/grp_Matrix_Vector_Activa_fu_28/ap_phi_reg_pp0_iter1_act_m_val_V_reg_25222153_out                                 |                                                                                                                                                                                                              |                7 |             15 |         2.14 |
|  ap_clk      | finn_design_i/StreamingFCLayer_Batch_0/StreamingFCLayer_Batch_0/inst/grp_Matrix_Vector_Activa_fu_28/ap_phi_reg_pp0_iter1_act_m_val_V_reg_25222050_out                                 |                                                                                                                                                                                                              |                2 |             15 |         7.50 |
|  ap_clk      | finn_design_i/StreamingFCLayer_Batch_0/StreamingFCLayer_Batch_0/inst/grp_Matrix_Vector_Activa_fu_28/ap_phi_reg_pp0_iter1_act_m_val_V_reg_25222                                        |                                                                                                                                                                                                              |                9 |             15 |         1.67 |
|  ap_clk      | finn_design_i/StreamingFCLayer_Batch_0/StreamingFCLayer_Batch_0/inst/grp_Matrix_Vector_Activa_fu_28/ap_phi_reg_pp0_iter1_act_m_val_V_reg_25221948_out                                 |                                                                                                                                                                                                              |                7 |             15 |         2.14 |
|  ap_clk      | finn_design_i/StreamingFCLayer_Batch_0/StreamingFCLayer_Batch_0/inst/grp_Matrix_Vector_Activa_fu_28/ap_phi_reg_pp0_iter1_act_m_val_V_reg_25221845_out                                 |                                                                                                                                                                                                              |                2 |             15 |         7.50 |
|  ap_clk      | finn_design_i/StreamingFCLayer_Batch_0/StreamingFCLayer_Batch_0/inst/grp_Matrix_Vector_Activa_fu_28/ap_phi_reg_pp0_iter1_act_m_val_V_reg_25221742_out                                 |                                                                                                                                                                                                              |                5 |             15 |         3.00 |
|  ap_clk      | finn_design_i/StreamingFCLayer_Batch_0/StreamingFCLayer_Batch_0/inst/grp_Matrix_Vector_Activa_fu_28/ap_phi_reg_pp0_iter1_act_m_val_V_reg_25223791_out                                 |                                                                                                                                                                                                              |                2 |             15 |         7.50 |
|  ap_clk      | finn_design_i/StreamingFCLayer_Batch_0/StreamingFCLayer_Batch_0/inst/grp_Matrix_Vector_Activa_fu_28/ap_phi_reg_pp0_iter1_act_m_val_V_reg_25221537_out                                 |                                                                                                                                                                                                              |                3 |             15 |         5.00 |
|  ap_clk      | finn_design_i/StreamingFCLayer_Batch_0/StreamingFCLayer_Batch_0/inst/grp_Matrix_Vector_Activa_fu_28/ap_phi_reg_pp0_iter1_act_m_val_V_reg_25221434_out                                 |                                                                                                                                                                                                              |                4 |             15 |         3.75 |
|  ap_clk      | finn_design_i/StreamingFCLayer_Batch_0/StreamingFCLayer_Batch_0/inst/grp_Matrix_Vector_Activa_fu_28/ap_phi_reg_pp0_iter1_act_m_val_V_reg_25221332_out                                 |                                                                                                                                                                                                              |                4 |             15 |         3.75 |
|  ap_clk      | finn_design_i/StreamingFCLayer_Batch_0/StreamingFCLayer_Batch_0/inst/grp_Matrix_Vector_Activa_fu_28/ap_phi_reg_pp0_iter1_act_m_val_V_reg_25221229_out                                 |                                                                                                                                                                                                              |                2 |             15 |         7.50 |
|  ap_clk      | finn_design_i/StreamingFCLayer_Batch_0/StreamingFCLayer_Batch_0/inst/grp_Matrix_Vector_Activa_fu_28/ap_phi_reg_pp0_iter1_act_m_val_V_reg_25221127_out                                 |                                                                                                                                                                                                              |                7 |             15 |         2.14 |
|  ap_clk      | finn_design_i/StreamingFCLayer_Batch_0/StreamingFCLayer_Batch_0/inst/grp_Matrix_Vector_Activa_fu_28/ap_phi_reg_pp0_iter1_act_m_val_V_reg_25221025_out                                 |                                                                                                                                                                                                              |                3 |             15 |         5.00 |
|  ap_clk      | finn_design_i/StreamingFCLayer_Batch_0/StreamingFCLayer_Batch_0/inst/grp_Matrix_Vector_Activa_fu_28/ap_phi_reg_pp0_iter1_act_m_val_V_reg_25221                                        |                                                                                                                                                                                                              |                8 |             15 |         1.88 |
|  ap_clk      | finn_design_i/StreamingFIFO_0/inst/StreamingFIFO_0_StreamingFIFO_0/shift_en_                                                                                                          |                                                                                                                                                                                                              |                5 |             15 |         3.00 |
|  ap_clk      | finn_design_i/StreamingFCLayer_Batch_0/StreamingFCLayer_Batch_0/inst/grp_Matrix_Vector_Activa_fu_28/ap_phi_reg_pp0_iter1_act_m_val_V_reg_25222870_out                                 |                                                                                                                                                                                                              |                2 |             15 |         7.50 |
|  ap_clk      | finn_design_i/StreamingFCLayer_Batch_0/StreamingFCLayer_Batch_0/inst/grp_Matrix_Vector_Activa_fu_28/ap_phi_reg_pp0_iter1_act_m_val_V_reg_25223689_out                                 |                                                                                                                                                                                                              |                3 |             15 |         5.00 |
|  ap_clk      | finn_design_i/StreamingFCLayer_Batch_0/StreamingFCLayer_Batch_0/inst/grp_Matrix_Vector_Activa_fu_28/ap_phi_reg_pp0_iter1_act_m_val_V_reg_25223587_out                                 |                                                                                                                                                                                                              |                4 |             15 |         3.75 |
|  ap_clk      | finn_design_i/StreamingFCLayer_Batch_0/StreamingFCLayer_Batch_0/inst/grp_Matrix_Vector_Activa_fu_28/ap_phi_reg_pp0_iter1_act_m_val_V_reg_25223484_out                                 |                                                                                                                                                                                                              |                4 |             15 |         3.75 |
|  ap_clk      | finn_design_i/StreamingFCLayer_Batch_0/StreamingFCLayer_Batch_0/inst/grp_Matrix_Vector_Activa_fu_28/ap_phi_reg_pp0_iter1_act_m_val_V_reg_25223382_out                                 |                                                                                                                                                                                                              |                8 |             15 |         1.88 |
|  ap_clk      | finn_design_i/StreamingFCLayer_Batch_0/StreamingFCLayer_Batch_0/inst/grp_Matrix_Vector_Activa_fu_28/ap_phi_reg_pp0_iter1_act_m_val_V_reg_25223279_out                                 |                                                                                                                                                                                                              |                3 |             15 |         5.00 |
|  ap_clk      | finn_design_i/StreamingFCLayer_Batch_0/StreamingFCLayer_Batch_0/inst/grp_Matrix_Vector_Activa_fu_28/ap_phi_reg_pp0_iter1_act_m_val_V_reg_25223177_out                                 |                                                                                                                                                                                                              |                3 |             15 |         5.00 |
|  ap_clk      | finn_design_i/StreamingFCLayer_Batch_0/StreamingFCLayer_Batch_0/inst/grp_Matrix_Vector_Activa_fu_28/ap_phi_reg_pp0_iter1_act_m_val_V_reg_25223075_out                                 |                                                                                                                                                                                                              |                4 |             15 |         3.75 |
|  ap_clk      | finn_design_i/StreamingFCLayer_Batch_0/StreamingFCLayer_Batch_0/inst/grp_Matrix_Vector_Activa_fu_28/ap_phi_reg_pp0_iter1_act_m_val_V_reg_25223                                        |                                                                                                                                                                                                              |                2 |             15 |         7.50 |
|  ap_clk      | finn_design_i/StreamingFCLayer_Batch_0/StreamingFCLayer_Batch_0/inst/grp_Matrix_Vector_Activa_fu_28/ap_phi_reg_pp0_iter1_act_m_val_V_reg_25222972_out                                 |                                                                                                                                                                                                              |                5 |             15 |         3.00 |
|  ap_clk      | finn_design_i/StreamingFCLayer_Batch_0/StreamingFCLayer_Batch_0/inst/grp_Matrix_Vector_Activa_fu_28/ap_phi_reg_pp0_iter1_act_m_val_V_reg_25223894_out                                 |                                                                                                                                                                                                              |                4 |             15 |         3.75 |
|  ap_clk      | finn_design_i/StreamingFCLayer_Batch_0/StreamingFCLayer_Batch_0/inst/grp_Matrix_Vector_Activa_fu_28/ap_phi_reg_pp0_iter1_act_m_val_V_reg_25222767_out                                 |                                                                                                                                                                                                              |                4 |             15 |         3.75 |
|  ap_clk      | finn_design_i/StreamingFCLayer_Batch_0/StreamingFCLayer_Batch_0/inst/grp_Matrix_Vector_Activa_fu_28/ap_phi_reg_pp0_iter1_act_m_val_V_reg_25222665_out                                 |                                                                                                                                                                                                              |                2 |             15 |         7.50 |
|  ap_clk      | finn_design_i/StreamingFCLayer_Batch_0/StreamingFCLayer_Batch_0/inst/grp_Matrix_Vector_Activa_fu_28/ap_phi_reg_pp0_iter1_act_m_val_V_reg_25222562_out                                 |                                                                                                                                                                                                              |                5 |             15 |         3.00 |
|  ap_clk      | finn_design_i/StreamingFCLayer_Batch_0/StreamingFCLayer_Batch_0/inst/grp_Matrix_Vector_Activa_fu_28/ap_phi_reg_pp0_iter1_act_m_val_V_reg_25222460_out                                 |                                                                                                                                                                                                              |                4 |             15 |         3.75 |
|  ap_clk      | finn_design_i/StreamingFCLayer_Batch_0/StreamingFCLayer_Batch_0/inst/grp_Matrix_Vector_Activa_fu_28/ap_CS_fsm_reg[2]_1[0]                                                             | finn_design_i/StreamingFCLayer_Batch_0/StreamingFCLayer_Batch_0/inst/regslice_both_weights_V_V_U/obuf_inst/ap_rst_n_0[0]                                                                                     |                6 |             16 |         2.67 |
|  ap_clk      | finn_design_i/StreamingFCLayer_Batch_0/StreamingFCLayer_Batch_0/inst/regslice_both_in0_V_V_U/ibuf_inst/ireg01_out                                                                     | finn_design_i/StreamingFCLayer_Batch_0/StreamingFCLayer_Batch_0/inst/regslice_both_in0_V_V_U/obuf_inst/SR[0]                                                                                                 |                4 |             16 |         4.00 |
|  ap_clk      | finn_design_i/StreamingDataWidthConverter_Batch_1/inst/grp_StreamingDataWidthCo_1_fu_26/r_V_reg_69[23]_i_2_n_2                                                                        | finn_design_i/StreamingDataWidthConverter_Batch_1/inst/grp_StreamingDataWidthCo_1_fu_26/r_V_reg_69[23]_i_1_n_2                                                                                               |                7 |             24 |         3.43 |
|  ap_clk      | finn_design_i/StreamingFCLayer_Batch_2/StreamingFCLayer_Batch_2/inst/grp_Matrix_Vector_Activa_fu_52/inputBuf_3_V_3_fu_378                                                             |                                                                                                                                                                                                              |                9 |             32 |         3.56 |
|  ap_clk      | finn_design_i/StreamingFCLayer_Batch_1/StreamingFCLayer_Batch_1/inst/grp_Matrix_Vector_Activa_fu_52/inputBuf_3_V_2_fu_374                                                             |                                                                                                                                                                                                              |                9 |             32 |         3.56 |
|  ap_clk      | finn_design_i/StreamingFCLayer_Batch_2/StreamingFCLayer_Batch_2/inst/grp_Matrix_Vector_Activa_fu_52/nf_assign_fu_366[31]_i_2__0_n_2                                                   | finn_design_i/StreamingFCLayer_Batch_2/StreamingFCLayer_Batch_2/inst/grp_Matrix_Vector_Activa_fu_52/nf_assign_fu_366[31]_i_1__0_n_2                                                                          |               10 |             32 |         3.20 |
|  ap_clk      | finn_design_i/StreamingFCLayer_Batch_2/StreamingFCLayer_Batch_2/inst/grp_Matrix_Vector_Activa_fu_52/sf_1_fu_3620                                                                      | finn_design_i/StreamingFCLayer_Batch_2/StreamingFCLayer_Batch_2/inst/grp_Matrix_Vector_Activa_fu_52/sf_1_fu_362                                                                                              |                8 |             32 |         4.00 |
|  ap_clk      | finn_design_i/StreamingFCLayer_Batch_2/StreamingFCLayer_Batch_2/inst/grp_Matrix_Vector_Activa_fu_52/inputBuf_3_V_4_fu_382                                                             |                                                                                                                                                                                                              |                9 |             32 |         3.56 |
|  ap_clk      | finn_design_i/StreamingFCLayer_Batch_3/StreamingFCLayer_Batch_3/inst/grp_Matrix_Vector_Activa_fu_28/nf_assign_fu_4500                                                                 | finn_design_i/StreamingFCLayer_Batch_3/StreamingFCLayer_Batch_3/inst/grp_Matrix_Vector_Activa_fu_28/nf_assign_fu_450                                                                                         |                8 |             32 |         4.00 |
|  ap_clk      | finn_design_i/StreamingFCLayer_Batch_3/StreamingFCLayer_Batch_3/inst/grp_Matrix_Vector_Activa_fu_28/sf_1_fu_1900                                                                      | finn_design_i/StreamingFCLayer_Batch_3/StreamingFCLayer_Batch_3/inst/grp_Matrix_Vector_Activa_fu_28/sf_1_fu_190                                                                                              |                8 |             32 |         4.00 |
|  ap_clk      | finn_design_i/StreamingDataWidthConverter_Batch_0/inst/grp_StreamingDataWidthCo_1_fu_26/o_0_reg_710                                                                                   | finn_design_i/StreamingDataWidthConverter_Batch_0/inst/grp_StreamingDataWidthCo_1_fu_26/o_0_reg_71[0]_i_1_n_2                                                                                                |                8 |             32 |         4.00 |
|  ap_clk      | finn_design_i/StreamingDataWidthConverter_Batch_0/inst/grp_StreamingDataWidthCo_1_fu_26/p_025_0_reg_59[31]_i_2_n_2                                                                    | finn_design_i/StreamingDataWidthConverter_Batch_0/inst/grp_StreamingDataWidthCo_1_fu_26/p_025_0_reg_59[31]_i_1_n_2                                                                                           |                6 |             32 |         5.33 |
|  ap_clk      | finn_design_i/StreamingDataWidthConverter_Batch_1/inst/grp_StreamingDataWidthCo_1_fu_26/i_1_fu_520                                                                                    | finn_design_i/StreamingDataWidthConverter_Batch_1/inst/grp_StreamingDataWidthCo_1_fu_26/i_1_fu_52                                                                                                            |                8 |             32 |         4.00 |
|  ap_clk      | finn_design_i/StreamingDataWidthConverter_Batch_2/inst/grp_StreamingDataWidthCo_1_fu_26/o_0_reg_730                                                                                   | finn_design_i/StreamingDataWidthConverter_Batch_2/inst/grp_StreamingDataWidthCo_1_fu_26/o_0_reg_73[0]_i_1_n_2                                                                                                |                8 |             32 |         4.00 |
|  ap_clk      | finn_design_i/StreamingFCLayer_Batch_2/StreamingFCLayer_Batch_2/inst/grp_Matrix_Vector_Activa_fu_52/inputBuf_3_V_1_fu_370                                                             |                                                                                                                                                                                                              |                7 |             32 |         4.57 |
|  ap_clk      | finn_design_i/StreamingFCLayer_Batch_1/StreamingFCLayer_Batch_1/inst/grp_Matrix_Vector_Activa_fu_52/inputBuf_3_V_1_fu_370                                                             |                                                                                                                                                                                                              |                8 |             32 |         4.00 |
|  ap_clk      | finn_design_i/StreamingFCLayer_Batch_1/StreamingFCLayer_Batch_1/inst/grp_Matrix_Vector_Activa_fu_52/inputBuf_3_V_3_fu_378                                                             |                                                                                                                                                                                                              |                9 |             32 |         3.56 |
|  ap_clk      | finn_design_i/StreamingFCLayer_Batch_1/StreamingFCLayer_Batch_1/inst/grp_Matrix_Vector_Activa_fu_52/inputBuf_3_V_4_fu_382                                                             |                                                                                                                                                                                                              |                9 |             32 |         3.56 |
|  ap_clk      | finn_design_i/StreamingFCLayer_Batch_1/StreamingFCLayer_Batch_1/inst/grp_Matrix_Vector_Activa_fu_52/nf_assign_fu_366[31]_i_2_n_2                                                      | finn_design_i/StreamingFCLayer_Batch_1/StreamingFCLayer_Batch_1/inst/grp_Matrix_Vector_Activa_fu_52/nf_assign_fu_366[31]_i_1_n_2                                                                             |               10 |             32 |         3.20 |
|  ap_clk      | finn_design_i/StreamingFCLayer_Batch_1/StreamingFCLayer_Batch_1/inst/grp_Matrix_Vector_Activa_fu_52/sf_1_fu_3620                                                                      | finn_design_i/StreamingFCLayer_Batch_1/StreamingFCLayer_Batch_1/inst/grp_Matrix_Vector_Activa_fu_52/sf_1_fu_362                                                                                              |                8 |             32 |         4.00 |
|  ap_clk      | finn_design_i/StreamingFCLayer_Batch_2/StreamingFCLayer_Batch_2/inst/grp_Matrix_Vector_Activa_fu_52/inputBuf_3_V_2_fu_374                                                             |                                                                                                                                                                                                              |                9 |             32 |         3.56 |
|  ap_clk      | finn_design_i/StreamingFCLayer_Batch_0/StreamingFCLayer_Batch_0/inst/grp_Matrix_Vector_Activa_fu_28/nf_assign_fu_2488[31]_i_2_n_2                                                     | finn_design_i/StreamingFCLayer_Batch_0/StreamingFCLayer_Batch_0/inst/grp_Matrix_Vector_Activa_fu_28/nf_assign_fu_2488[31]_i_1_n_2                                                                            |               10 |             32 |         3.20 |
|  ap_clk      | finn_design_i/StreamingFCLayer_Batch_2/StreamingFCLayer_Batch_2/inst/grp_Matrix_Vector_Activa_fu_52/E[0]                                                                              | finn_design_i/StreamingFCLayer_Batch_2/StreamingFCLayer_Batch_2/inst/grp_Matrix_Vector_Activa_fu_52/SR[0]                                                                                                    |                5 |             33 |         6.60 |
|  ap_clk      | finn_design_i/StreamingFCLayer_Batch_2/StreamingFCLayer_Batch_2/inst/grp_Matrix_Vector_Activa_fu_52/ap_CS_fsm_reg[2]_0[0]                                                             | finn_design_i/StreamingFCLayer_Batch_0/StreamingFCLayer_Batch_0/inst/regslice_both_weights_V_V_U/obuf_inst/ap_rst_n_0[0]                                                                                     |               10 |             33 |         3.30 |
|  ap_clk      | finn_design_i/StreamingFCLayer_Batch_0/StreamingFCLayer_Batch_0/inst/grp_Matrix_Vector_Activa_fu_28/sf_1_fu_23240                                                                     | finn_design_i/StreamingFCLayer_Batch_0/StreamingFCLayer_Batch_0/inst/grp_Matrix_Vector_Activa_fu_28/sf_1_fu_2324                                                                                             |                9 |             33 |         3.67 |
|  ap_clk      | finn_design_i/StreamingFCLayer_Batch_1/StreamingFCLayer_Batch_1/inst/regslice_both_in0_V_V_U/ibuf_inst/ireg_reg[32]_0[0]                                                              | finn_design_i/StreamingFCLayer_Batch_0/StreamingFCLayer_Batch_0/inst/regslice_both_weights_V_V_U/obuf_inst/ap_rst_n_0[0]                                                                                     |               11 |             33 |         3.00 |
|  ap_clk      | finn_design_i/StreamingDataWidthConverter_Batch_1/inst/grp_StreamingDataWidthCo_1_fu_26/icmp_ln517_reg_1750                                                                           |                                                                                                                                                                                                              |               12 |             33 |         2.75 |
|  ap_clk      | finn_design_i/StreamingFCLayer_Batch_1/StreamingFCLayer_Batch_1/inst/grp_Matrix_Vector_Activa_fu_52/ap_CS_fsm_reg[2]_0[0]                                                             | finn_design_i/StreamingFCLayer_Batch_0/StreamingFCLayer_Batch_0/inst/regslice_both_weights_V_V_U/obuf_inst/ap_rst_n_0[0]                                                                                     |               11 |             33 |         3.00 |
|  ap_clk      | finn_design_i/StreamingDataWidthConverter_Batch_1/inst/regslice_both_out_V_V_U/ibuf_inst/ireg01_out                                                                                   | finn_design_i/StreamingDataWidthConverter_Batch_1/inst/regslice_both_out_V_V_U/obuf_inst/SR[0]                                                                                                               |                6 |             33 |         5.50 |
|  ap_clk      | finn_design_i/StreamingFCLayer_Batch_1/StreamingFCLayer_Batch_1/inst/grp_Matrix_Vector_Activa_fu_52/E[0]                                                                              | finn_design_i/StreamingFCLayer_Batch_1/StreamingFCLayer_Batch_1/inst/grp_Matrix_Vector_Activa_fu_52/SR[0]                                                                                                    |                8 |             33 |         4.12 |
|  ap_clk      | finn_design_i/StreamingDataWidthConverter_Batch_0/inst/regslice_both_out_V_V_U/obuf_inst/E[0]                                                                                         | finn_design_i/StreamingDataWidthConverter_Batch_0/inst/regslice_both_out_V_V_U/ibuf_inst/ireg[32]_i_1_n_2                                                                                                    |               11 |             33 |         3.00 |
|  ap_clk      | finn_design_i/StreamingDataWidthConverter_Batch_1/inst/regslice_both_out_V_V_U/obuf_inst/odata[32]_i_1__1_n_2                                                                         | finn_design_i/StreamingFCLayer_Batch_0/StreamingFCLayer_Batch_0/inst/regslice_both_weights_V_V_U/obuf_inst/ap_rst_n_0[0]                                                                                     |               10 |             33 |         3.30 |
|  ap_clk      | finn_design_i/StreamingFCLayer_Batch_2/StreamingFCLayer_Batch_2/inst/grp_Matrix_Vector_Activa_fu_52/p_12_in                                                                           |                                                                                                                                                                                                              |               16 |             36 |         2.25 |
|  ap_clk      | finn_design_i/StreamingFCLayer_Batch_1/StreamingFCLayer_Batch_1/inst/grp_Matrix_Vector_Activa_fu_52/p_12_in                                                                           |                                                                                                                                                                                                              |               18 |             36 |         2.00 |
|  ap_clk      | finn_design_i/StreamingFCLayer_Batch_2/StreamingFCLayer_Batch_2/inst/grp_Matrix_Vector_Activa_fu_52/threshs_m_thresholds_3_U/StreamingFCLayer_Batch_2_Matrix_Vector_ActjbC_rom_U/E[0] |                                                                                                                                                                                                              |               16 |             41 |         2.56 |
|  ap_clk      | finn_design_i/StreamingDataWidthConverter_Batch_0/inst/grp_StreamingDataWidthCo_1_fu_26/p_10_in                                                                                       |                                                                                                                                                                                                              |               13 |             64 |         4.92 |
|  ap_clk      | finn_design_i/StreamingFCLayer_Batch_1/StreamingFCLayer_Batch_1/inst/grp_Matrix_Vector_Activa_fu_52/threshs_m_thresholds_6_U/StreamingFCLayer_Batch_1_Matrix_Vector_Actg8j_rom_U/E[0] |                                                                                                                                                                                                              |               19 |             64 |         3.37 |
|  ap_clk      | finn_design_i/StreamingDataWidthConverter_Batch_0/inst/grp_StreamingDataWidthCo_1_fu_26/E[0]                                                                                          | finn_design_i/StreamingDataWidthConverter_Batch_0/inst/grp_StreamingDataWidthCo_1_fu_26/SR[0]                                                                                                                |               19 |             65 |         3.42 |
|  ap_clk      | finn_design_i/StreamingDataWidthConverter_Batch_0/inst/grp_StreamingDataWidthCo_1_fu_26/ap_rst_n_0[0]                                                                                 | finn_design_i/StreamingFCLayer_Batch_0/StreamingFCLayer_Batch_0/inst/regslice_both_weights_V_V_U/obuf_inst/ap_rst_n_0[0]                                                                                     |               20 |             65 |         3.25 |
|  ap_clk      | finn_design_i/StreamingFCLayer_Batch_0/StreamingFCLayer_Batch_0/inst/regslice_both_out_V_V_U/obuf_inst/odata[64]_i_1_n_2                                                              | finn_design_i/StreamingFCLayer_Batch_0/StreamingFCLayer_Batch_0/inst/regslice_both_weights_V_V_U/obuf_inst/ap_rst_n_0[0]                                                                                     |               22 |             65 |         2.95 |
|  ap_clk      | finn_design_i/StreamingFCLayer_Batch_0/StreamingFCLayer_Batch_0/inst/regslice_both_out_V_V_U/ibuf_inst/ireg01_out                                                                     | finn_design_i/StreamingFCLayer_Batch_0/StreamingFCLayer_Batch_0/inst/regslice_both_out_V_V_U/obuf_inst/SR[0]                                                                                                 |               22 |             65 |         2.95 |
|  ap_clk      | finn_design_i/StreamingFCLayer_Batch_1/StreamingFCLayer_Batch_1/inst/grp_Matrix_Vector_Activa_fu_52/p_4_in                                                                            |                                                                                                                                                                                                              |               32 |             89 |         2.78 |
|  ap_clk      | finn_design_i/StreamingFCLayer_Batch_2/StreamingFCLayer_Batch_2/inst/grp_Matrix_Vector_Activa_fu_52/p_4_in                                                                            |                                                                                                                                                                                                              |               33 |             89 |         2.70 |
|  ap_clk      |                                                                                                                                                                                       | finn_design_i/StreamingFCLayer_Batch_0/StreamingFCLayer_Batch_0/inst/regslice_both_weights_V_V_U/obuf_inst/ap_rst_n_0[0]                                                                                     |               46 |             93 |         2.02 |
|  ap_clk      | finn_design_i/StreamingFCLayer_Batch_2/StreamingFCLayer_Batch_2/inst/regslice_both_weights_V_V_U/obuf_inst/ap_rst_n_0[0]                                                              | finn_design_i/StreamingFCLayer_Batch_2/StreamingFCLayer_Batch_2/inst/regslice_both_weights_V_V_U/obuf_inst/SR[0]                                                                                             |               36 |            129 |         3.58 |
|  ap_clk      | finn_design_i/StreamingFCLayer_Batch_1/StreamingFCLayer_Batch_1/inst/grp_Matrix_Vector_Activa_fu_52/ap_rst_n_0[0]                                                                     | finn_design_i/StreamingFCLayer_Batch_0/StreamingFCLayer_Batch_0/inst/regslice_both_weights_V_V_U/obuf_inst/ap_rst_n_0[0]                                                                                     |               47 |            129 |         2.74 |
|  ap_clk      | finn_design_i/StreamingFCLayer_Batch_2/StreamingFCLayer_Batch_2/inst/grp_Matrix_Vector_Activa_fu_52/ap_rst_n_0[0]                                                                     | finn_design_i/StreamingFCLayer_Batch_0/StreamingFCLayer_Batch_0/inst/regslice_both_weights_V_V_U/obuf_inst/ap_rst_n_0[0]                                                                                     |               46 |            129 |         2.80 |
|  ap_clk      | finn_design_i/StreamingFCLayer_Batch_1/StreamingFCLayer_Batch_1/inst/regslice_both_weights_V_V_U/obuf_inst/ap_rst_n_0[0]                                                              | finn_design_i/StreamingFCLayer_Batch_1/StreamingFCLayer_Batch_1/inst/regslice_both_weights_V_V_U/obuf_inst/SR[0]                                                                                             |               32 |            129 |         4.03 |
|  ap_clk      | finn_design_i/StreamingFCLayer_Batch_1/StreamingFCLayer_Batch_1/inst/grp_Matrix_Vector_Activa_fu_52/icmp_ln289_reg_3835[0]_i_1_n_2                                                    |                                                                                                                                                                                                              |               78 |            161 |         2.06 |
|  ap_clk      | finn_design_i/StreamingFCLayer_Batch_2/StreamingFCLayer_Batch_2/inst/grp_Matrix_Vector_Activa_fu_52/icmp_ln289_reg_3839[0]_i_1_n_2                                                    |                                                                                                                                                                                                              |               81 |            161 |         1.99 |
|  ap_clk      |                                                                                                                                                                                       |                                                                                                                                                                                                              |               72 |            186 |         2.58 |
|  ap_clk      | finn_design_i/StreamingFCLayer_Batch_0/StreamingFCLayer_Batch_0/inst/grp_Matrix_Vector_Activa_fu_28/accu_V_0_0_0_fu_21960                                                             |                                                                                                                                                                                                              |              137 |            352 |         2.57 |
|  ap_clk      | finn_design_i/StreamingFCLayer_Batch_0/StreamingFCLayer_Batch_0/inst/grp_Matrix_Vector_Activa_fu_28/add_ln700_103_reg_280870                                                          |                                                                                                                                                                                                              |              265 |            705 |         2.66 |
|  ap_clk      | finn_design_i/StreamingFCLayer_Batch_0/StreamingFCLayer_Batch_0/inst/regslice_both_weights_V_V_U/obuf_inst/E[0]                                                                       | finn_design_i/StreamingFCLayer_Batch_0/StreamingFCLayer_Batch_0/inst/regslice_both_weights_V_V_U/obuf_inst/SR[0]                                                                                             |              216 |            961 |         4.45 |
|  ap_clk      | finn_design_i/StreamingFCLayer_Batch_0/StreamingFCLayer_Batch_0/inst/grp_Matrix_Vector_Activa_fu_28/E[0]                                                                              | finn_design_i/StreamingFCLayer_Batch_0/StreamingFCLayer_Batch_0/inst/regslice_both_weights_V_V_U/obuf_inst/ap_rst_n_0[0]                                                                                     |              327 |            961 |         2.94 |
|  ap_clk      | finn_design_i/StreamingFCLayer_Batch_0/StreamingFCLayer_Batch_0/inst/grp_Matrix_Vector_Activa_fu_28/icmp_ln271_reg_255470                                                             |                                                                                                                                                                                                              |              316 |            961 |         3.04 |
+--------------+---------------------------------------------------------------------------------------------------------------------------------------------------------------------------------------+--------------------------------------------------------------------------------------------------------------------------------------------------------------------------------------------------------------+------------------+----------------+--------------+


