

================================================================
== Vivado HLS Report for 'Mem2Stream'
================================================================
* Date:           Wed Jan 27 05:57:13 2021

* Version:        2020.1 (Build 2897737 on Wed May 27 20:21:37 MDT 2020)
* Project:        project_StreamingDataflowPartition_0_IODMA_0
* Solution:       sol1
* Product family: zynq
* Target device:  xc7z020-clg400-1


================================================================
== Performance Estimates
================================================================
+ Timing: 
    * Summary: 
    +--------+----------+----------+------------+
    |  Clock |  Target  | Estimated| Uncertainty|
    +--------+----------+----------+------------+
    |ap_clk  | 10.00 ns | 8.750 ns |   1.25 ns  |
    +--------+----------+----------+------------+

+ Latency: 
    * Summary: 
    +---------+---------+----------+----------+-----+-----+---------+
    |  Latency (cycles) |  Latency (absolute) |  Interval | Pipeline|
    |   min   |   max   |    min   |    max   | min | max |   Type  |
    +---------+---------+----------+----------+-----+-----+---------+
    |      649|      649| 6.490 us | 6.490 us |  649|  649|   none  |
    +---------+---------+----------+----------+-----+-----+---------+

    + Detail: 
        * Instance: 
        N/A

        * Loop: 
        +----------+---------+---------+----------+-----------+-----------+------+----------+
        |          |  Latency (cycles) | Iteration|  Initiation Interval  | Trip |          |
        | Loop Name|   min   |   max   |  Latency |  achieved |   target  | Count| Pipelined|
        +----------+---------+---------+----------+-----------+-----------+------+----------+
        |- Loop 1  |      640|      640|         2|          1|          1|   640|    yes   |
        +----------+---------+---------+----------+-----------+-----------+------+----------+



================================================================
== Utilization Estimates
================================================================
* Summary: 
+-----------------+---------+-------+--------+-------+-----+
|       Name      | BRAM_18K| DSP48E|   FF   |  LUT  | URAM|
+-----------------+---------+-------+--------+-------+-----+
|DSP              |        -|      -|       -|      -|    -|
|Expression       |        -|      -|       0|    110|    -|
|FIFO             |        -|      -|       -|      -|    -|
|Instance         |        -|      -|       -|      -|    -|
|Memory           |        -|      -|       -|      -|    -|
|Multiplexer      |        -|      -|       -|    101|    -|
|Register         |        -|      -|      87|      -|    -|
+-----------------+---------+-------+--------+-------+-----+
|Total            |        0|      0|      87|    211|    0|
+-----------------+---------+-------+--------+-------+-----+
|Available        |      280|    220|  106400|  53200|    0|
+-----------------+---------+-------+--------+-------+-----+
|Utilization (%)  |        0|      0|   ~0   |   ~0  |    0|
+-----------------+---------+-------+--------+-------+-----+

+ Detail: 
    * Instance: 
    N/A

    * DSP48E: 
    N/A

    * Memory: 
    N/A

    * FIFO: 
    N/A

    * Expression: 
    +-----------------------------------+----------+-------+---+----+------------+------------+
    |           Variable Name           | Operation| DSP48E| FF| LUT| Bitwidth P0| Bitwidth P1|
    +-----------------------------------+----------+-------+---+----+------------+------------+
    |add_ln142_fu_109_p2                |     +    |      0|  0|  71|          64|          64|
    |i_fu_127_p2                        |     +    |      0|  0|  14|          10|           1|
    |ap_block_pp0_stage0_01001          |    and   |      0|  0|   2|           1|           1|
    |ap_block_pp0_stage0_11001          |    and   |      0|  0|   2|           1|           1|
    |ap_block_state10_io                |    and   |      0|  0|   2|           1|           1|
    |ap_block_state10_pp0_stage0_iter1  |    and   |      0|  0|   2|           1|           1|
    |icmp_ln140_fu_121_p2               |   icmp   |      0|  0|  13|          10|          10|
    |ap_enable_pp0                      |    xor   |      0|  0|   2|           1|           2|
    |ap_enable_reg_pp0_iter1            |    xor   |      0|  0|   2|           2|           1|
    +-----------------------------------+----------+-------+---+----+------------+------------+
    |Total                              |          |      0|  0| 110|          91|          82|
    +-----------------------------------+----------+-------+---+----+------------+------------+

    * Multiplexer: 
    +-------------------------+----+-----------+-----+-----------+
    |           Name          | LUT| Input Size| Bits| Total Bits|
    +-------------------------+----+-----------+-----+-----------+
    |ap_NS_fsm                |  50|         11|    1|         11|
    |ap_enable_reg_pp0_iter1  |  15|          3|    1|          3|
    |i_0_reg_90               |   9|          2|   10|         20|
    |in_V_blk_n_AR            |   9|          2|    1|          2|
    |in_V_blk_n_R             |   9|          2|    1|          2|
    |out_V_V_TDATA_blk_n      |   9|          2|    1|          2|
    +-------------------------+----+-----------+-----+-----------+
    |Total                    | 101|         22|   15|         40|
    +-------------------------+----+-----------+-----+-----------+

    * Register: 
    +-------------------------+----+----+-----+-----------+
    |           Name          | FF | LUT| Bits| Const Bits|
    +-------------------------+----+----+-----+-----------+
    |ap_CS_fsm                |  10|   0|   10|          0|
    |ap_enable_reg_pp0_iter0  |   1|   0|    1|          0|
    |ap_enable_reg_pp0_iter1  |   1|   0|    1|          0|
    |i_0_reg_90               |  10|   0|   10|          0|
    |icmp_ln140_reg_139       |   1|   0|    1|          0|
    |in_V_addr_reg_133        |  64|   0|   64|          0|
    +-------------------------+----+----+-----+-----------+
    |Total                    |  87|   0|   87|          0|
    +-------------------------+----+----+-----+-----------+



================================================================
== Interface
================================================================
* Summary: 
+---------------------+-----+-----+------------+--------------+--------------+
|      RTL Ports      | Dir | Bits|  Protocol  | Source Object|    C Type    |
+---------------------+-----+-----+------------+--------------+--------------+
|ap_clk               |  in |    1| ap_ctrl_hs |  Mem2Stream  | return value |
|ap_rst               |  in |    1| ap_ctrl_hs |  Mem2Stream  | return value |
|ap_start             |  in |    1| ap_ctrl_hs |  Mem2Stream  | return value |
|ap_done              | out |    1| ap_ctrl_hs |  Mem2Stream  | return value |
|ap_idle              | out |    1| ap_ctrl_hs |  Mem2Stream  | return value |
|ap_ready             | out |    1| ap_ctrl_hs |  Mem2Stream  | return value |
|m_axi_in_V_AWVALID   | out |    1|    m_axi   |     in_V     |    pointer   |
|m_axi_in_V_AWREADY   |  in |    1|    m_axi   |     in_V     |    pointer   |
|m_axi_in_V_AWADDR    | out |   64|    m_axi   |     in_V     |    pointer   |
|m_axi_in_V_AWID      | out |    1|    m_axi   |     in_V     |    pointer   |
|m_axi_in_V_AWLEN     | out |   32|    m_axi   |     in_V     |    pointer   |
|m_axi_in_V_AWSIZE    | out |    3|    m_axi   |     in_V     |    pointer   |
|m_axi_in_V_AWBURST   | out |    2|    m_axi   |     in_V     |    pointer   |
|m_axi_in_V_AWLOCK    | out |    2|    m_axi   |     in_V     |    pointer   |
|m_axi_in_V_AWCACHE   | out |    4|    m_axi   |     in_V     |    pointer   |
|m_axi_in_V_AWPROT    | out |    3|    m_axi   |     in_V     |    pointer   |
|m_axi_in_V_AWQOS     | out |    4|    m_axi   |     in_V     |    pointer   |
|m_axi_in_V_AWREGION  | out |    4|    m_axi   |     in_V     |    pointer   |
|m_axi_in_V_AWUSER    | out |    1|    m_axi   |     in_V     |    pointer   |
|m_axi_in_V_WVALID    | out |    1|    m_axi   |     in_V     |    pointer   |
|m_axi_in_V_WREADY    |  in |    1|    m_axi   |     in_V     |    pointer   |
|m_axi_in_V_WDATA     | out |   16|    m_axi   |     in_V     |    pointer   |
|m_axi_in_V_WSTRB     | out |    2|    m_axi   |     in_V     |    pointer   |
|m_axi_in_V_WLAST     | out |    1|    m_axi   |     in_V     |    pointer   |
|m_axi_in_V_WID       | out |    1|    m_axi   |     in_V     |    pointer   |
|m_axi_in_V_WUSER     | out |    1|    m_axi   |     in_V     |    pointer   |
|m_axi_in_V_ARVALID   | out |    1|    m_axi   |     in_V     |    pointer   |
|m_axi_in_V_ARREADY   |  in |    1|    m_axi   |     in_V     |    pointer   |
|m_axi_in_V_ARADDR    | out |   64|    m_axi   |     in_V     |    pointer   |
|m_axi_in_V_ARID      | out |    1|    m_axi   |     in_V     |    pointer   |
|m_axi_in_V_ARLEN     | out |   32|    m_axi   |     in_V     |    pointer   |
|m_axi_in_V_ARSIZE    | out |    3|    m_axi   |     in_V     |    pointer   |
|m_axi_in_V_ARBURST   | out |    2|    m_axi   |     in_V     |    pointer   |
|m_axi_in_V_ARLOCK    | out |    2|    m_axi   |     in_V     |    pointer   |
|m_axi_in_V_ARCACHE   | out |    4|    m_axi   |     in_V     |    pointer   |
|m_axi_in_V_ARPROT    | out |    3|    m_axi   |     in_V     |    pointer   |
|m_axi_in_V_ARQOS     | out |    4|    m_axi   |     in_V     |    pointer   |
|m_axi_in_V_ARREGION  | out |    4|    m_axi   |     in_V     |    pointer   |
|m_axi_in_V_ARUSER    | out |    1|    m_axi   |     in_V     |    pointer   |
|m_axi_in_V_RVALID    |  in |    1|    m_axi   |     in_V     |    pointer   |
|m_axi_in_V_RREADY    | out |    1|    m_axi   |     in_V     |    pointer   |
|m_axi_in_V_RDATA     |  in |   16|    m_axi   |     in_V     |    pointer   |
|m_axi_in_V_RLAST     |  in |    1|    m_axi   |     in_V     |    pointer   |
|m_axi_in_V_RID       |  in |    1|    m_axi   |     in_V     |    pointer   |
|m_axi_in_V_RUSER     |  in |    1|    m_axi   |     in_V     |    pointer   |
|m_axi_in_V_RRESP     |  in |    2|    m_axi   |     in_V     |    pointer   |
|m_axi_in_V_BVALID    |  in |    1|    m_axi   |     in_V     |    pointer   |
|m_axi_in_V_BREADY    | out |    1|    m_axi   |     in_V     |    pointer   |
|m_axi_in_V_BRESP     |  in |    2|    m_axi   |     in_V     |    pointer   |
|m_axi_in_V_BID       |  in |    1|    m_axi   |     in_V     |    pointer   |
|m_axi_in_V_BUSER     |  in |    1|    m_axi   |     in_V     |    pointer   |
|in_V_offset          |  in |   63|   ap_none  |  in_V_offset |    scalar    |
|in_V_offset1         |  in |   32|   ap_none  | in_V_offset1 |    scalar    |
|out_V_V_TDATA        | out |   16|    axis    |    out_V_V   |    pointer   |
|out_V_V_TVALID       | out |    1|    axis    |    out_V_V   |    pointer   |
|out_V_V_TREADY       |  in |    1|    axis    |    out_V_V   |    pointer   |
+---------------------+-----+-----+------------+--------------+--------------+

============================================================
+ Verbose Summary: Synthesis Manager
============================================================
InlineROM: 1
ExposeGlobal: 0
============================================================
+ Verbose Summary: CDFG Model
============================================================
IsTopModel: 0
ResetActiveHigh: 1
IsCombinational: 2
IsDatapathOnly: 2
HasWiredReturn: 1
HasMFsm: 0
HasVarLatency: 1
IsPipeline: 0
IsRtlPipelined: 0
IsInstanceOverlapped: 0
IsDontTouch: 0
HasImplIP: 0
IsGatedGlobalClock: 0

+ Individual pipeline summary: 
  * Pipeline-0: initiation interval (II) = 1, depth = 2


============================================================
+ Verbose Summary: Schedule
============================================================
* Number of FSM states : 11
* Pipeline : 1
  Pipeline-0 : II = 1, D = 2, States = { 9 10 }
* Dataflow Pipeline: 0

* FSM state transitions: 
1 --> 2 
2 --> 3 
3 --> 4 
4 --> 5 
5 --> 6 
6 --> 7 
7 --> 8 
8 --> 9 
9 --> 11 10 
10 --> 9 
11 --> 

* FSM state operations: 

State 1 <SV = 0> <Delay = 3.49>
ST_1 : Operation 12 [1/1] (0.00ns)   --->   "%in_V_offset1_read = call i32 @_ssdm_op_Read.ap_auto.i32(i32 %in_V_offset1)"   --->   Operation 12 'read' 'in_V_offset1_read' <Predicate = true> <Delay = 0.00>
ST_1 : Operation 13 [1/1] (0.00ns)   --->   "%in_V_offset_read = call i63 @_ssdm_op_Read.ap_auto.i63(i63 %in_V_offset)"   --->   Operation 13 'read' 'in_V_offset_read' <Predicate = true> <Delay = 0.00>
ST_1 : Operation 14 [1/1] (0.00ns)   --->   "%in_V_offset_cast = zext i63 %in_V_offset_read to i64"   --->   Operation 14 'zext' 'in_V_offset_cast' <Predicate = true> <Delay = 0.00>
ST_1 : Operation 15 [1/1] (0.00ns)   --->   "%zext_ln142 = zext i32 %in_V_offset1_read to i64" [/workspace/finn-hlslib/dma.h:142]   --->   Operation 15 'zext' 'zext_ln142' <Predicate = true> <Delay = 0.00>
ST_1 : Operation 16 [1/1] (3.49ns)   --->   "%add_ln142 = add i64 %zext_ln142, %in_V_offset_cast" [/workspace/finn-hlslib/dma.h:142]   --->   Operation 16 'add' 'add_ln142' <Predicate = true> <Delay = 3.49> <Core = "AddSub">   --->   Core 14 'AddSub' <Latency = 0> <II = 1> <Delay = 1.73> <FuncUnit> <Opcode : 'add' 'sub'> <InPorts = 2> <OutPorts = 1>
ST_1 : Operation 17 [1/1] (0.00ns)   --->   "%in_V_addr = getelementptr i16* %in_V, i64 %add_ln142" [/workspace/finn-hlslib/dma.h:142]   --->   Operation 17 'getelementptr' 'in_V_addr' <Predicate = true> <Delay = 0.00>

State 2 <SV = 1> <Delay = 8.75>
ST_2 : Operation 18 [7/7] (8.75ns)   --->   "%in_V_addr_rd_req = call i1 @_ssdm_op_ReadReq.m_axi.i16P(i16* %in_V_addr, i32 640)" [/workspace/finn-hlslib/dma.h:142]   --->   Operation 18 'readreq' 'in_V_addr_rd_req' <Predicate = true> <Delay = 8.75> <Core = "m_axi">   --->   Core 9 'm_axi' <Latency = 6> <II = 1> <Delay = 1.00> <Adapter> <Opcode : 'read' 'write' 'readreq' 'writereq' 'writeresp'>

State 3 <SV = 2> <Delay = 8.75>
ST_3 : Operation 19 [6/7] (8.75ns)   --->   "%in_V_addr_rd_req = call i1 @_ssdm_op_ReadReq.m_axi.i16P(i16* %in_V_addr, i32 640)" [/workspace/finn-hlslib/dma.h:142]   --->   Operation 19 'readreq' 'in_V_addr_rd_req' <Predicate = true> <Delay = 8.75> <Core = "m_axi">   --->   Core 9 'm_axi' <Latency = 6> <II = 1> <Delay = 1.00> <Adapter> <Opcode : 'read' 'write' 'readreq' 'writereq' 'writeresp'>

State 4 <SV = 3> <Delay = 8.75>
ST_4 : Operation 20 [5/7] (8.75ns)   --->   "%in_V_addr_rd_req = call i1 @_ssdm_op_ReadReq.m_axi.i16P(i16* %in_V_addr, i32 640)" [/workspace/finn-hlslib/dma.h:142]   --->   Operation 20 'readreq' 'in_V_addr_rd_req' <Predicate = true> <Delay = 8.75> <Core = "m_axi">   --->   Core 9 'm_axi' <Latency = 6> <II = 1> <Delay = 1.00> <Adapter> <Opcode : 'read' 'write' 'readreq' 'writereq' 'writeresp'>

State 5 <SV = 4> <Delay = 8.75>
ST_5 : Operation 21 [4/7] (8.75ns)   --->   "%in_V_addr_rd_req = call i1 @_ssdm_op_ReadReq.m_axi.i16P(i16* %in_V_addr, i32 640)" [/workspace/finn-hlslib/dma.h:142]   --->   Operation 21 'readreq' 'in_V_addr_rd_req' <Predicate = true> <Delay = 8.75> <Core = "m_axi">   --->   Core 9 'm_axi' <Latency = 6> <II = 1> <Delay = 1.00> <Adapter> <Opcode : 'read' 'write' 'readreq' 'writereq' 'writeresp'>

State 6 <SV = 5> <Delay = 8.75>
ST_6 : Operation 22 [3/7] (8.75ns)   --->   "%in_V_addr_rd_req = call i1 @_ssdm_op_ReadReq.m_axi.i16P(i16* %in_V_addr, i32 640)" [/workspace/finn-hlslib/dma.h:142]   --->   Operation 22 'readreq' 'in_V_addr_rd_req' <Predicate = true> <Delay = 8.75> <Core = "m_axi">   --->   Core 9 'm_axi' <Latency = 6> <II = 1> <Delay = 1.00> <Adapter> <Opcode : 'read' 'write' 'readreq' 'writereq' 'writeresp'>

State 7 <SV = 6> <Delay = 8.75>
ST_7 : Operation 23 [2/7] (8.75ns)   --->   "%in_V_addr_rd_req = call i1 @_ssdm_op_ReadReq.m_axi.i16P(i16* %in_V_addr, i32 640)" [/workspace/finn-hlslib/dma.h:142]   --->   Operation 23 'readreq' 'in_V_addr_rd_req' <Predicate = true> <Delay = 8.75> <Core = "m_axi">   --->   Core 9 'm_axi' <Latency = 6> <II = 1> <Delay = 1.00> <Adapter> <Opcode : 'read' 'write' 'readreq' 'writereq' 'writeresp'>

State 8 <SV = 7> <Delay = 8.75>
ST_8 : Operation 24 [1/1] (0.00ns)   --->   "call void (...)* @_ssdm_op_SpecInterface(i16* %in_V, [6 x i8]* @p_str3, i32 0, i32 0, [1 x i8]* @p_str1, i32 0, i32 0, [5 x i8]* @p_str4, [6 x i8]* @p_str5, [1 x i8]* @p_str1, i32 16, i32 16, i32 16, i32 16, [1 x i8]* @p_str1, [1 x i8]* @p_str1)"   --->   Operation 24 'specinterface' <Predicate = true> <Delay = 0.00>
ST_8 : Operation 25 [1/1] (0.00ns)   --->   "call void (...)* @_ssdm_op_SpecInterface(i16* %out_V_V, [5 x i8]* @p_str6, i32 0, i32 0, [5 x i8]* @p_str7, i32 0, i32 0, [1 x i8]* @p_str1, [1 x i8]* @p_str1, [1 x i8]* @p_str1, i32 0, i32 0, i32 0, i32 0, [1 x i8]* @p_str1, [1 x i8]* @p_str1) nounwind"   --->   Operation 25 'specinterface' <Predicate = true> <Delay = 0.00>
ST_8 : Operation 26 [1/7] (8.75ns)   --->   "%in_V_addr_rd_req = call i1 @_ssdm_op_ReadReq.m_axi.i16P(i16* %in_V_addr, i32 640)" [/workspace/finn-hlslib/dma.h:142]   --->   Operation 26 'readreq' 'in_V_addr_rd_req' <Predicate = true> <Delay = 8.75> <Core = "m_axi">   --->   Core 9 'm_axi' <Latency = 6> <II = 1> <Delay = 1.00> <Adapter> <Opcode : 'read' 'write' 'readreq' 'writereq' 'writeresp'>
ST_8 : Operation 27 [1/1] (1.76ns)   --->   "br label %1" [/workspace/finn-hlslib/dma.h:140]   --->   Operation 27 'br' <Predicate = true> <Delay = 1.76>

State 9 <SV = 8> <Delay = 1.77>
ST_9 : Operation 28 [1/1] (0.00ns)   --->   "%i_0 = phi i10 [ 0, %0 ], [ %i, %hls_label_0 ]"   --->   Operation 28 'phi' 'i_0' <Predicate = true> <Delay = 0.00>
ST_9 : Operation 29 [1/1] (1.77ns)   --->   "%icmp_ln140 = icmp eq i10 %i_0, -384" [/workspace/finn-hlslib/dma.h:140]   --->   Operation 29 'icmp' 'icmp_ln140' <Predicate = true> <Delay = 1.77> <Core = "Cmp">   --->   Core 25 'Cmp' <Latency = 0> <II = 1> <Delay = 1.77> <FuncUnit> <Opcode : 'icmp'> <InPorts = 2> <OutPorts = 1>
ST_9 : Operation 30 [1/1] (0.00ns)   --->   "%empty = call i32 (...)* @_ssdm_op_SpecLoopTripCount(i64 640, i64 640, i64 640)"   --->   Operation 30 'speclooptripcount' 'empty' <Predicate = true> <Delay = 0.00>
ST_9 : Operation 31 [1/1] (1.73ns)   --->   "%i = add i10 %i_0, 1" [/workspace/finn-hlslib/dma.h:140]   --->   Operation 31 'add' 'i' <Predicate = true> <Delay = 1.73> <Core = "AddSub">   --->   Core 14 'AddSub' <Latency = 0> <II = 1> <Delay = 1.73> <FuncUnit> <Opcode : 'add' 'sub'> <InPorts = 2> <OutPorts = 1>
ST_9 : Operation 32 [1/1] (0.00ns)   --->   "br i1 %icmp_ln140, label %2, label %hls_label_0" [/workspace/finn-hlslib/dma.h:140]   --->   Operation 32 'br' <Predicate = true> <Delay = 0.00>

State 10 <SV = 9> <Delay = 8.75>
ST_10 : Operation 33 [1/1] (0.00ns)   --->   "%tmp = call i32 (...)* @_ssdm_op_SpecRegionBegin([12 x i8]* @p_str9)" [/workspace/finn-hlslib/dma.h:140]   --->   Operation 33 'specregionbegin' 'tmp' <Predicate = (!icmp_ln140)> <Delay = 0.00>
ST_10 : Operation 34 [1/1] (0.00ns)   --->   "call void (...)* @_ssdm_op_SpecPipeline(i32 1, i32 1, i32 1, i32 0, [1 x i8]* @p_str1) nounwind" [/workspace/finn-hlslib/dma.h:141]   --->   Operation 34 'specpipeline' <Predicate = (!icmp_ln140)> <Delay = 0.00>
ST_10 : Operation 35 [1/1] (8.75ns)   --->   "%e_V = call i16 @_ssdm_op_Read.m_axi.i16P(i16* %in_V_addr)" [/workspace/finn-hlslib/dma.h:142]   --->   Operation 35 'read' 'e_V' <Predicate = (!icmp_ln140)> <Delay = 8.75> <Core = "m_axi">   --->   Core 9 'm_axi' <Latency = 6> <II = 1> <Delay = 1.00> <Adapter> <Opcode : 'read' 'write' 'readreq' 'writereq' 'writeresp'>
ST_10 : Operation 36 [1/1] (0.00ns)   --->   "call void @_ssdm_op_Write.axis.volatile.i16P(i16* %out_V_V, i16 %e_V)" [/workspace/finn-hlslib/dma.h:143]   --->   Operation 36 'write' <Predicate = (!icmp_ln140)> <Delay = 0.00> <Core = "AXI4Stream">   --->   Core 5 'AXI4Stream' <Latency = 0> <II = 1> <Delay = 1.00> <Adapter> <Opcode : >
ST_10 : Operation 37 [1/1] (0.00ns)   --->   "%empty_7 = call i32 (...)* @_ssdm_op_SpecRegionEnd([12 x i8]* @p_str9, i32 %tmp)" [/workspace/finn-hlslib/dma.h:144]   --->   Operation 37 'specregionend' 'empty_7' <Predicate = (!icmp_ln140)> <Delay = 0.00>
ST_10 : Operation 38 [1/1] (0.00ns)   --->   "br label %1" [/workspace/finn-hlslib/dma.h:140]   --->   Operation 38 'br' <Predicate = (!icmp_ln140)> <Delay = 0.00>

State 11 <SV = 9> <Delay = 0.00>
ST_11 : Operation 39 [1/1] (0.00ns)   --->   "ret void" [/workspace/finn-hlslib/dma.h:145]   --->   Operation 39 'ret' <Predicate = true> <Delay = 0.00>


============================================================
+ Verbose Summary: Binding
============================================================
STG Binding: 
---------------- STG Properties BEGIN ----------------
- Is combinational: 0
- Is one-state seq: 0
- Is datapath-only: 0
- Is pipelined: 0
- Is top level: 0
Port [ Return ] is wired: 1; IO mode=ap_ctrl_hs:ce=0
Port [ in_V]:  wired=1; compound=1; hidden=0; nouse=0; global=0; static=0; extern=0; dir=0; type=4; pingpong=0; private_global=0; IO mode=m_axi:ce=0
Port [ in_V_offset]:  wired=1; compound=0; hidden=0; nouse=0; global=0; static=0; extern=0; dir=0; type=0; pingpong=0; private_global=0; IO mode=ap_none:ce=0
Port [ in_V_offset1]:  wired=1; compound=0; hidden=0; nouse=0; global=0; static=0; extern=0; dir=0; type=0; pingpong=0; private_global=0; IO mode=ap_none:ce=0
Port [ out_V_V]:  wired=1; compound=1; hidden=0; nouse=0; global=0; static=0; extern=0; dir=1; type=0; pingpong=0; private_global=0; IO mode=axis:ce=0
---------------- STG Properties END ------------------

---------------- Datapath Model BEGIN ----------------

<LifeTime>
<method=bitvector/>
in_V_offset1_read  (read             ) [ 000000000000]
in_V_offset_read   (read             ) [ 000000000000]
in_V_offset_cast   (zext             ) [ 000000000000]
zext_ln142         (zext             ) [ 000000000000]
add_ln142          (add              ) [ 000000000000]
in_V_addr          (getelementptr    ) [ 001111111110]
specinterface_ln0  (specinterface    ) [ 000000000000]
specinterface_ln0  (specinterface    ) [ 000000000000]
in_V_addr_rd_req   (readreq          ) [ 000000000000]
br_ln140           (br               ) [ 000000001110]
i_0                (phi              ) [ 000000000100]
icmp_ln140         (icmp             ) [ 000000000110]
empty              (speclooptripcount) [ 000000000000]
i                  (add              ) [ 000000001110]
br_ln140           (br               ) [ 000000000000]
tmp                (specregionbegin  ) [ 000000000000]
specpipeline_ln141 (specpipeline     ) [ 000000000000]
e_V                (read             ) [ 000000000000]
write_ln143        (write            ) [ 000000000000]
empty_7            (specregionend    ) [ 000000000000]
br_ln140           (br               ) [ 000000001110]
ret_ln145          (ret              ) [ 000000000000]
</LifeTime>

<model>

<comp_list>
<comp id="0" class="1000" name="in_V">
<pin_list>
<pin id="1" dir="1" index="0" bw="1" slack="0"/>
</pin_list>
<bind>
<StgValue><ssdm name="in_V"/></StgValue>
</bind>
</comp>

<comp id="2" class="1000" name="in_V_offset">
<pin_list>
<pin id="3" dir="1" index="0" bw="1" slack="0"/>
</pin_list>
<bind>
<StgValue><ssdm name="in_V_offset"/></StgValue>
</bind>
</comp>

<comp id="4" class="1000" name="in_V_offset1">
<pin_list>
<pin id="5" dir="1" index="0" bw="1" slack="0"/>
</pin_list>
<bind>
<StgValue><ssdm name="in_V_offset1"/></StgValue>
</bind>
</comp>

<comp id="6" class="1000" name="out_V_V">
<pin_list>
<pin id="7" dir="1" index="0" bw="1" slack="0"/>
</pin_list>
<bind>
<StgValue><ssdm name="out_V_V"/></StgValue>
</bind>
</comp>

<comp id="8" class="1001" name="const_8">
<pin_list>
<pin id="9" dir="1" index="0" bw="1" slack="0"/>
</pin_list>
<bind>
<StgValue><ssdm name="_ssdm_op_Read.ap_auto.i32"/></StgValue>
</bind>
</comp>

<comp id="10" class="1001" name="const_10">
<pin_list>
<pin id="11" dir="1" index="0" bw="1" slack="0"/>
</pin_list>
<bind>
<StgValue><ssdm name="_ssdm_op_Read.ap_auto.i63"/></StgValue>
</bind>
</comp>

<comp id="12" class="1001" name="const_12">
<pin_list>
<pin id="13" dir="1" index="0" bw="1" slack="0"/>
</pin_list>
<bind>
<StgValue><ssdm name="_ssdm_op_ReadReq.m_axi.i16P"/></StgValue>
</bind>
</comp>

<comp id="14" class="1001" name="const_14">
<pin_list>
<pin id="15" dir="1" index="0" bw="1" slack="0"/>
</pin_list>
<bind>
<StgValue><ssdm name=""/></StgValue>
</bind>
</comp>

<comp id="16" class="1001" name="const_16">
<pin_list>
<pin id="17" dir="1" index="0" bw="1" slack="2147483647"/>
</pin_list>
<bind>
<StgValue><ssdm name="_ssdm_op_SpecInterface"/></StgValue>
</bind>
</comp>

<comp id="18" class="1001" name="const_18">
<pin_list>
<pin id="19" dir="1" index="0" bw="1" slack="2147483647"/>
</pin_list>
<bind>
<StgValue><ssdm name="p_str3"/></StgValue>
</bind>
</comp>

<comp id="20" class="1001" name="const_20">
<pin_list>
<pin id="21" dir="1" index="0" bw="1" slack="2147483647"/>
</pin_list>
<bind>
<StgValue><ssdm name=""/></StgValue>
</bind>
</comp>

<comp id="22" class="1001" name="const_22">
<pin_list>
<pin id="23" dir="1" index="0" bw="1" slack="2147483647"/>
</pin_list>
<bind>
<StgValue><ssdm name="p_str1"/></StgValue>
</bind>
</comp>

<comp id="24" class="1001" name="const_24">
<pin_list>
<pin id="25" dir="1" index="0" bw="1" slack="2147483647"/>
</pin_list>
<bind>
<StgValue><ssdm name="p_str4"/></StgValue>
</bind>
</comp>

<comp id="26" class="1001" name="const_26">
<pin_list>
<pin id="27" dir="1" index="0" bw="1" slack="2147483647"/>
</pin_list>
<bind>
<StgValue><ssdm name="p_str5"/></StgValue>
</bind>
</comp>

<comp id="28" class="1001" name="const_28">
<pin_list>
<pin id="29" dir="1" index="0" bw="1" slack="2147483647"/>
</pin_list>
<bind>
<StgValue><ssdm name=""/></StgValue>
</bind>
</comp>

<comp id="30" class="1001" name="const_30">
<pin_list>
<pin id="31" dir="1" index="0" bw="1" slack="2147483647"/>
</pin_list>
<bind>
<StgValue><ssdm name="p_str6"/></StgValue>
</bind>
</comp>

<comp id="32" class="1001" name="const_32">
<pin_list>
<pin id="33" dir="1" index="0" bw="1" slack="2147483647"/>
</pin_list>
<bind>
<StgValue><ssdm name="p_str7"/></StgValue>
</bind>
</comp>

<comp id="34" class="1001" name="const_34">
<pin_list>
<pin id="35" dir="1" index="0" bw="1" slack="1"/>
</pin_list>
<bind>
<StgValue><ssdm name=""/></StgValue>
</bind>
</comp>

<comp id="36" class="1001" name="const_36">
<pin_list>
<pin id="37" dir="1" index="0" bw="1" slack="0"/>
</pin_list>
<bind>
<StgValue><ssdm name=""/></StgValue>
</bind>
</comp>

<comp id="38" class="1001" name="const_38">
<pin_list>
<pin id="39" dir="1" index="0" bw="1" slack="2147483647"/>
</pin_list>
<bind>
<StgValue><ssdm name="_ssdm_op_SpecLoopTripCount"/></StgValue>
</bind>
</comp>

<comp id="40" class="1001" name="const_40">
<pin_list>
<pin id="41" dir="1" index="0" bw="1" slack="2147483647"/>
</pin_list>
<bind>
<StgValue><ssdm name=""/></StgValue>
</bind>
</comp>

<comp id="42" class="1001" name="const_42">
<pin_list>
<pin id="43" dir="1" index="0" bw="1" slack="0"/>
</pin_list>
<bind>
<StgValue><ssdm name=""/></StgValue>
</bind>
</comp>

<comp id="44" class="1001" name="const_44">
<pin_list>
<pin id="45" dir="1" index="0" bw="1" slack="2147483647"/>
</pin_list>
<bind>
<StgValue><ssdm name="_ssdm_op_SpecRegionBegin"/></StgValue>
</bind>
</comp>

<comp id="46" class="1001" name="const_46">
<pin_list>
<pin id="47" dir="1" index="0" bw="1" slack="2147483647"/>
</pin_list>
<bind>
<StgValue><ssdm name="p_str9"/></StgValue>
</bind>
</comp>

<comp id="48" class="1001" name="const_48">
<pin_list>
<pin id="49" dir="1" index="0" bw="1" slack="2147483647"/>
</pin_list>
<bind>
<StgValue><ssdm name="_ssdm_op_SpecPipeline"/></StgValue>
</bind>
</comp>

<comp id="50" class="1001" name="const_50">
<pin_list>
<pin id="51" dir="1" index="0" bw="1" slack="2147483647"/>
</pin_list>
<bind>
<StgValue><ssdm name=""/></StgValue>
</bind>
</comp>

<comp id="52" class="1001" name="const_52">
<pin_list>
<pin id="53" dir="1" index="0" bw="1" slack="0"/>
</pin_list>
<bind>
<StgValue><ssdm name="_ssdm_op_Read.m_axi.i16P"/></StgValue>
</bind>
</comp>

<comp id="54" class="1001" name="const_54">
<pin_list>
<pin id="55" dir="1" index="0" bw="1" slack="0"/>
</pin_list>
<bind>
<StgValue><ssdm name="_ssdm_op_Write.axis.volatile.i16P"/></StgValue>
</bind>
</comp>

<comp id="56" class="1001" name="const_56">
<pin_list>
<pin id="57" dir="1" index="0" bw="1" slack="2147483647"/>
</pin_list>
<bind>
<StgValue><ssdm name="_ssdm_op_SpecRegionEnd"/></StgValue>
</bind>
</comp>

<comp id="58" class="1004" name="in_V_offset1_read_read_fu_58">
<pin_list>
<pin id="59" dir="0" index="0" bw="32" slack="0"/>
<pin id="60" dir="0" index="1" bw="32" slack="0"/>
<pin id="61" dir="1" index="2" bw="32" slack="0"/>
</pin_list>
<bind>
<opcode="read(1150) " fcode="read"/>
<opset="in_V_offset1_read/1 "/>
</bind>
</comp>

<comp id="64" class="1004" name="in_V_offset_read_read_fu_64">
<pin_list>
<pin id="65" dir="0" index="0" bw="63" slack="0"/>
<pin id="66" dir="0" index="1" bw="63" slack="0"/>
<pin id="67" dir="1" index="2" bw="63" slack="0"/>
</pin_list>
<bind>
<opcode="read(1150) " fcode="read"/>
<opset="in_V_offset_read/1 "/>
</bind>
</comp>

<comp id="70" class="1004" name="grp_readreq_fu_70">
<pin_list>
<pin id="71" dir="0" index="0" bw="1" slack="0"/>
<pin id="72" dir="0" index="1" bw="16" slack="1"/>
<pin id="73" dir="0" index="2" bw="11" slack="0"/>
<pin id="74" dir="1" index="3" bw="1" slack="2147483647"/>
</pin_list>
<bind>
<opcode="readreq(1154) " fcode="readreq"/>
<opset="in_V_addr_rd_req/2 "/>
</bind>
</comp>

<comp id="77" class="1004" name="e_V_read_fu_77">
<pin_list>
<pin id="78" dir="0" index="0" bw="16" slack="0"/>
<pin id="79" dir="0" index="1" bw="16" slack="9"/>
<pin id="80" dir="1" index="2" bw="16" slack="0"/>
</pin_list>
<bind>
<opcode="read(1150) " fcode="read"/>
<opset="e_V/10 "/>
</bind>
</comp>

<comp id="82" class="1004" name="write_ln143_write_fu_82">
<pin_list>
<pin id="83" dir="0" index="0" bw="0" slack="0"/>
<pin id="84" dir="0" index="1" bw="16" slack="0"/>
<pin id="85" dir="0" index="2" bw="16" slack="0"/>
<pin id="86" dir="1" index="3" bw="0" slack="2147483647"/>
</pin_list>
<bind>
<opcode="write(1151) " fcode="write"/>
<opset="write_ln143/10 "/>
</bind>
</comp>

<comp id="90" class="1005" name="i_0_reg_90">
<pin_list>
<pin id="91" dir="0" index="0" bw="10" slack="1"/>
<pin id="92" dir="1" index="1" bw="10" slack="1"/>
</pin_list>
<bind>
<opset="i_0 (phireg) "/>
</bind>
</comp>

<comp id="94" class="1004" name="i_0_phi_fu_94">
<pin_list>
<pin id="95" dir="0" index="0" bw="1" slack="1"/>
<pin id="96" dir="0" index="1" bw="0" slack="2147483647"/>
<pin id="97" dir="0" index="2" bw="10" slack="0"/>
<pin id="98" dir="0" index="3" bw="0" slack="2147483647"/>
<pin id="99" dir="1" index="4" bw="10" slack="0"/>
</pin_list>
<bind>
<opcode="phi(47) " fcode="phi"/>
<opset="i_0/9 "/>
</bind>
</comp>

<comp id="101" class="1004" name="in_V_offset_cast_fu_101">
<pin_list>
<pin id="102" dir="0" index="0" bw="63" slack="0"/>
<pin id="103" dir="1" index="1" bw="64" slack="0"/>
</pin_list>
<bind>
<opcode="zext(34) " fcode="zext"/>
<opset="in_V_offset_cast/1 "/>
</bind>
</comp>

<comp id="105" class="1004" name="zext_ln142_fu_105">
<pin_list>
<pin id="106" dir="0" index="0" bw="32" slack="0"/>
<pin id="107" dir="1" index="1" bw="64" slack="0"/>
</pin_list>
<bind>
<opcode="zext(34) " fcode="zext"/>
<opset="zext_ln142/1 "/>
</bind>
</comp>

<comp id="109" class="1004" name="add_ln142_fu_109">
<pin_list>
<pin id="110" dir="0" index="0" bw="32" slack="0"/>
<pin id="111" dir="0" index="1" bw="63" slack="0"/>
<pin id="112" dir="1" index="2" bw="64" slack="0"/>
</pin_list>
<bind>
<opcode="add(8) " fcode="add"/>
<opset="add_ln142/1 "/>
</bind>
</comp>

<comp id="115" class="1004" name="in_V_addr_fu_115">
<pin_list>
<pin id="116" dir="0" index="0" bw="64" slack="0"/>
<pin id="117" dir="0" index="1" bw="64" slack="0"/>
<pin id="118" dir="1" index="2" bw="64" slack="1"/>
</pin_list>
<bind>
<opcode="getelementptr(29) " fcode="getelementptr"/>
<opset="in_V_addr/1 "/>
</bind>
</comp>

<comp id="121" class="1004" name="icmp_ln140_fu_121">
<pin_list>
<pin id="122" dir="0" index="0" bw="10" slack="0"/>
<pin id="123" dir="0" index="1" bw="10" slack="0"/>
<pin id="124" dir="1" index="2" bw="1" slack="1"/>
</pin_list>
<bind>
<opcode="icmp(45) " fcode="icmp"/>
<opset="icmp_ln140/9 "/>
</bind>
</comp>

<comp id="127" class="1004" name="i_fu_127">
<pin_list>
<pin id="128" dir="0" index="0" bw="10" slack="0"/>
<pin id="129" dir="0" index="1" bw="1" slack="0"/>
<pin id="130" dir="1" index="2" bw="10" slack="0"/>
</pin_list>
<bind>
<opcode="add(8) " fcode="add"/>
<opset="i/9 "/>
</bind>
</comp>

<comp id="133" class="1005" name="in_V_addr_reg_133">
<pin_list>
<pin id="134" dir="0" index="0" bw="16" slack="1"/>
<pin id="135" dir="1" index="1" bw="16" slack="1"/>
</pin_list>
<bind>
<opset="in_V_addr "/>
</bind>
</comp>

<comp id="139" class="1005" name="icmp_ln140_reg_139">
<pin_list>
<pin id="140" dir="0" index="0" bw="1" slack="1"/>
<pin id="141" dir="1" index="1" bw="1" slack="2147483647"/>
</pin_list>
<bind>
<opset="icmp_ln140 "/>
</bind>
</comp>

<comp id="143" class="1005" name="i_reg_143">
<pin_list>
<pin id="144" dir="0" index="0" bw="10" slack="0"/>
<pin id="145" dir="1" index="1" bw="10" slack="0"/>
</pin_list>
<bind>
<opset="i "/>
</bind>
</comp>

</comp_list>

<net_list>
<net id="62"><net_src comp="8" pin="0"/><net_sink comp="58" pin=0"/></net>

<net id="63"><net_src comp="4" pin="0"/><net_sink comp="58" pin=1"/></net>

<net id="68"><net_src comp="10" pin="0"/><net_sink comp="64" pin=0"/></net>

<net id="69"><net_src comp="2" pin="0"/><net_sink comp="64" pin=1"/></net>

<net id="75"><net_src comp="12" pin="0"/><net_sink comp="70" pin=0"/></net>

<net id="76"><net_src comp="14" pin="0"/><net_sink comp="70" pin=2"/></net>

<net id="81"><net_src comp="52" pin="0"/><net_sink comp="77" pin=0"/></net>

<net id="87"><net_src comp="54" pin="0"/><net_sink comp="82" pin=0"/></net>

<net id="88"><net_src comp="6" pin="0"/><net_sink comp="82" pin=1"/></net>

<net id="89"><net_src comp="77" pin="2"/><net_sink comp="82" pin=2"/></net>

<net id="93"><net_src comp="34" pin="0"/><net_sink comp="90" pin=0"/></net>

<net id="100"><net_src comp="90" pin="1"/><net_sink comp="94" pin=0"/></net>

<net id="104"><net_src comp="64" pin="2"/><net_sink comp="101" pin=0"/></net>

<net id="108"><net_src comp="58" pin="2"/><net_sink comp="105" pin=0"/></net>

<net id="113"><net_src comp="105" pin="1"/><net_sink comp="109" pin=0"/></net>

<net id="114"><net_src comp="101" pin="1"/><net_sink comp="109" pin=1"/></net>

<net id="119"><net_src comp="0" pin="0"/><net_sink comp="115" pin=0"/></net>

<net id="120"><net_src comp="109" pin="2"/><net_sink comp="115" pin=1"/></net>

<net id="125"><net_src comp="94" pin="4"/><net_sink comp="121" pin=0"/></net>

<net id="126"><net_src comp="36" pin="0"/><net_sink comp="121" pin=1"/></net>

<net id="131"><net_src comp="94" pin="4"/><net_sink comp="127" pin=0"/></net>

<net id="132"><net_src comp="42" pin="0"/><net_sink comp="127" pin=1"/></net>

<net id="136"><net_src comp="115" pin="2"/><net_sink comp="133" pin=0"/></net>

<net id="137"><net_src comp="133" pin="1"/><net_sink comp="70" pin=1"/></net>

<net id="138"><net_src comp="133" pin="1"/><net_sink comp="77" pin=1"/></net>

<net id="142"><net_src comp="121" pin="2"/><net_sink comp="139" pin=0"/></net>

<net id="146"><net_src comp="127" pin="2"/><net_sink comp="143" pin=0"/></net>

<net id="147"><net_src comp="143" pin="1"/><net_sink comp="94" pin=2"/></net>

</net_list>

</model> 
---------------- Datapath Model END ------------------

* FSMD analyzer results:
  - Output states:
	Port: in_V | {}
	Port: out_V_V | {10 }
 - Input state : 
	Port: Mem2Stream : in_V | {2 3 4 5 6 7 8 10 }
	Port: Mem2Stream : in_V_offset | {1 }
	Port: Mem2Stream : in_V_offset1 | {1 }
	Port: Mem2Stream : out_V_V | {}
  - Chain level:
	State 1
		add_ln142 : 1
		in_V_addr : 2
	State 2
	State 3
	State 4
	State 5
	State 6
	State 7
	State 8
	State 9
		icmp_ln140 : 1
		i : 1
		br_ln140 : 2
	State 10
		empty_7 : 1
	State 11


============================================================
+ Verbose Summary: Datapath Resource usage 
============================================================

* Functional unit list:
|----------|------------------------------|---------|---------|
| Operation|        Functional Unit       |    FF   |   LUT   |
|----------|------------------------------|---------|---------|
|    add   |       add_ln142_fu_109       |    0    |    70   |
|          |           i_fu_127           |    0    |    14   |
|----------|------------------------------|---------|---------|
|   icmp   |       icmp_ln140_fu_121      |    0    |    13   |
|----------|------------------------------|---------|---------|
|          | in_V_offset1_read_read_fu_58 |    0    |    0    |
|   read   |  in_V_offset_read_read_fu_64 |    0    |    0    |
|          |        e_V_read_fu_77        |    0    |    0    |
|----------|------------------------------|---------|---------|
|  readreq |       grp_readreq_fu_70      |    0    |    0    |
|----------|------------------------------|---------|---------|
|   write  |    write_ln143_write_fu_82   |    0    |    0    |
|----------|------------------------------|---------|---------|
|   zext   |    in_V_offset_cast_fu_101   |    0    |    0    |
|          |       zext_ln142_fu_105      |    0    |    0    |
|----------|------------------------------|---------|---------|
|   Total  |                              |    0    |    97   |
|----------|------------------------------|---------|---------|

Memories:
N/A

* Register list:
+------------------+--------+
|                  |   FF   |
+------------------+--------+
|    i_0_reg_90    |   10   |
|     i_reg_143    |   10   |
|icmp_ln140_reg_139|    1   |
| in_V_addr_reg_133|   16   |
+------------------+--------+
|       Total      |   37   |
+------------------+--------+

* Multiplexer (MUX) list: 
|--------|------|------|------|--------|
|  Comp  |  Pin | Size |  BW  | S x BW |
|--------|------|------|------|--------|
|  Total |      |      |      |    0   |
|--------|------|------|------|--------|



* Summary:
+-----------+--------+--------+
|           |   FF   |   LUT  |
+-----------+--------+--------+
|  Function |    0   |   97   |
|   Memory  |    -   |    -   |
|Multiplexer|    -   |    -   |
|  Register |   37   |    -   |
+-----------+--------+--------+
|   Total   |   37   |   97   |
+-----------+--------+--------+
